[debug] [2021-01-08T19:14:12.534Z] ----------------------------------------------------------------------
[debug] [2021-01-08T19:14:12.535Z] Command:       /usr/local/bin/node /usr/local/bin/firebase emulators:start
[debug] [2021-01-08T19:14:12.535Z] CLI Version:   9.1.0
[debug] [2021-01-08T19:14:12.536Z] Platform:      darwin
[debug] [2021-01-08T19:14:12.536Z] Node Version:  v12.19.0
[debug] [2021-01-08T19:14:12.537Z] Time:          Fri Jan 08 2021 19:14:12 GMT+0000 (Greenwich Mean Time)
[debug] [2021-01-08T19:14:12.537Z] ----------------------------------------------------------------------
[debug] [2021-01-08T19:14:12.537Z] 
[debug] [2021-01-08T19:14:12.544Z] > command requires scopes: ["email","openid","https://www.googleapis.com/auth/cloudplatformprojects.readonly","https://www.googleapis.com/auth/firebase","https://www.googleapis.com/auth/cloud-platform"]
[debug] [2021-01-08T19:14:12.544Z] > authorizing via signed-in user
[info] i  emulators: Starting emulators: functions, hosting {"metadata":{"emulator":{"name":"hub"},"message":"Starting emulators: functions, hosting"}}
[debug] [2021-01-08T19:14:12.558Z] [hub] writing locator at /var/folders/d7/_73dy1sx3x3529m3y8zkr2sw0000gn/T/hub-clone-bb373.json
[warn] ⚠  functions: The following emulators are not running, calls to these services from the Functions emulator will affect production: auth, firestore, database, pubsub {"metadata":{"emulator":{"name":"functions"},"message":"The following emulators are not running, calls to these services from the Functions emulator will affect production: \u001b[1mauth, firestore, database, pubsub\u001b[22m"}}
[info] ✔  functions: Using node@12 from host. {"metadata":{"emulator":{"name":"functions"},"message":"Using node@12 from host."}}
[debug] [2021-01-08T19:14:12.582Z] defaultcredentials: writing to file /Users/melbin/.config/firebase/njanmelbin_gmail_com_application_default_credentials.json
[debug] [2021-01-08T19:14:12.584Z] Setting GAC to /Users/melbin/.config/firebase/njanmelbin_gmail_com_application_default_credentials.json {"metadata":{"emulator":{"name":"functions"},"message":"Setting GAC to /Users/melbin/.config/firebase/njanmelbin_gmail_com_application_default_credentials.json"}}
[debug] [2021-01-08T19:14:12.652Z] >>> HTTP REQUEST GET https://firebase.googleapis.com/v1beta1/projects/clone-bb373/webApps/-/config  
 
[debug] [2021-01-08T19:14:13.747Z] <<< HTTP RESPONSE 200 {"content-type":"application/json; charset=UTF-8","vary":"X-Origin, Referer, Origin,Accept-Encoding","date":"Fri, 08 Jan 2021 19:14:13 GMT","server":"ESF","cache-control":"private","x-xss-protection":"0","x-frame-options":"SAMEORIGIN","x-content-type-options":"nosniff","alt-svc":"h3-29=\":443\"; ma=2592000,h3-T051=\":443\"; ma=2592000,h3-Q050=\":443\"; ma=2592000,h3-Q046=\":443\"; ma=2592000,h3-Q043=\":443\"; ma=2592000,quic=\":443\"; ma=2592000; v=\"46,43\"","accept-ranges":"none","transfer-encoding":"chunked"}
[info] i  hosting: Serving hosting files from: build {"metadata":{"emulator":{"name":"hosting"},"message":"Serving hosting files from: \u001b[1mbuild\u001b[22m"}}
[info] ✔  hosting: Local server: http://localhost:5000 {"metadata":{"emulator":{"name":"hosting"},"message":"Local server: \u001b[4m\u001b[1mhttp://localhost:5000\u001b[22m\u001b[24m"}}
[debug] [2021-01-08T19:14:14.062Z] Ignoring unsupported arg: auto_download {"metadata":{"emulator":{"name":"ui"},"message":"Ignoring unsupported arg: auto_download"}}
[debug] [2021-01-08T19:14:14.062Z] Ignoring unsupported arg: port {"metadata":{"emulator":{"name":"ui"},"message":"Ignoring unsupported arg: port"}}
[debug] [2021-01-08T19:14:14.062Z] Starting Emulator UI with command {"binary":"node","args":["/Users/melbin/.cache/firebase/emulators/ui-v1.4.1/server.bundle.js"],"optionalArgs":[],"joinArgs":false} {"metadata":{"emulator":{"name":"ui"},"message":"Starting Emulator UI with command {\"binary\":\"node\",\"args\":[\"/Users/melbin/.cache/firebase/emulators/ui-v1.4.1/server.bundle.js\"],\"optionalArgs\":[],\"joinArgs\":false}"}}
[info] i  ui: Emulator UI logging to ui-debug.log {"metadata":{"emulator":{"name":"ui"},"message":"Emulator UI logging to \u001b[1mui-debug.log\u001b[22m"}}
[debug] [2021-01-08T19:14:14.152Z] Web / API server started at http://localhost:4000
 {"metadata":{"emulator":{"name":"ui"},"message":"Web / API server started at http://localhost:4000\n"}}
[info] i  functions: Watching "/Users/melbin/Documents/FullStack/amazon-clone/functions" for Cloud Functions... {"metadata":{"emulator":{"name":"functions"},"message":"Watching \"/Users/melbin/Documents/FullStack/amazon-clone/functions\" for Cloud Functions..."}}
[debug] [2021-01-08T19:14:14.339Z] [worker-pool] addWorker(~diagnostic~) {"metadata":{"emulator":{"name":"functions"},"message":"[worker-pool] addWorker(~diagnostic~)"}}
[debug] [2021-01-08T19:14:14.340Z] [worker-pool] Adding worker with key ~diagnostic~, total=1 {"metadata":{"emulator":{"name":"functions"},"message":"[worker-pool] Adding worker with key ~diagnostic~, total=1"}}
[debug] [2021-01-08T19:14:14.340Z] [worker-pool] submitWork(triggerId=) {"metadata":{"emulator":{"name":"functions"},"message":"[worker-pool] submitWork(triggerId=)"}}
[debug] [2021-01-08T19:14:14.341Z] [worker-~diagnostic~-b7f588da-7252-4efe-889e-2fcc844ad61a]: Assigning socketPath: /var/folders/d7/_73dy1sx3x3529m3y8zkr2sw0000gn/T/fire_emu_2048.sock {"metadata":{"emulator":{"name":"functions"},"message":"[worker-~diagnostic~-b7f588da-7252-4efe-889e-2fcc844ad61a]: Assigning socketPath: /var/folders/d7/_73dy1sx3x3529m3y8zkr2sw0000gn/T/fire_emu_2048.sock"}}
[debug] [2021-01-08T19:14:14.341Z] [worker-~diagnostic~-b7f588da-7252-4efe-889e-2fcc844ad61a]: BUSY {"metadata":{"emulator":{"name":"functions"},"message":"[worker-~diagnostic~-b7f588da-7252-4efe-889e-2fcc844ad61a]: BUSY"}}
[debug] [2021-01-08T19:14:14.465Z] [runtime-status] [2048] Functions runtime initialized. {"cwd":"/Users/melbin/Documents/FullStack/amazon-clone/functions","node_version":"12.19.0"} {"metadata":{"emulator":{"name":"functions"},"message":"[runtime-status] [2048] Functions runtime initialized. {\"cwd\":\"/Users/melbin/Documents/FullStack/amazon-clone/functions\",\"node_version\":\"12.19.0\"}"}}
[debug] [2021-01-08T19:14:14.466Z] [runtime-status] [2048] Disabled runtime features: undefined {"metadata":{"emulator":{"name":"functions"},"message":"[runtime-status] [2048] Disabled runtime features: undefined"}}
[debug] [2021-01-08T19:14:14.467Z] [runtime-status] [2048] Resolved module firebase-admin {"declared":true,"installed":true,"version":"9.4.2","resolution":"/Users/melbin/Documents/FullStack/amazon-clone/functions/node_modules/firebase-admin/lib/index.js"} {"metadata":{"emulator":{"name":"functions"},"message":"[runtime-status] [2048] Resolved module firebase-admin {\"declared\":true,\"installed\":true,\"version\":\"9.4.2\",\"resolution\":\"/Users/melbin/Documents/FullStack/amazon-clone/functions/node_modules/firebase-admin/lib/index.js\"}"}}
[debug] [2021-01-08T19:14:14.469Z] [runtime-status] [2048] Resolved module firebase-functions {"declared":true,"installed":true,"version":"3.13.0","resolution":"/Users/melbin/Documents/FullStack/amazon-clone/functions/node_modules/firebase-functions/lib/index.js"} {"metadata":{"emulator":{"name":"functions"},"message":"[runtime-status] [2048] Resolved module firebase-functions {\"declared\":true,\"installed\":true,\"version\":\"3.13.0\",\"resolution\":\"/Users/melbin/Documents/FullStack/amazon-clone/functions/node_modules/firebase-functions/lib/index.js\"}"}}
[debug] [2021-01-08T19:14:14.470Z] [runtime-status] [2048] Resolved module firebase-functions {"declared":true,"installed":true,"version":"3.13.0","resolution":"/Users/melbin/Documents/FullStack/amazon-clone/functions/node_modules/firebase-functions/lib/index.js"} {"metadata":{"emulator":{"name":"functions"},"message":"[runtime-status] [2048] Resolved module firebase-functions {\"declared\":true,\"installed\":true,\"version\":\"3.13.0\",\"resolution\":\"/Users/melbin/Documents/FullStack/amazon-clone/functions/node_modules/firebase-functions/lib/index.js\"}"}}
[debug] [2021-01-08T19:14:14.471Z] [runtime-status] [2048] Outgoing network have been stubbed. [{"name":"http","status":"mocked"},{"name":"http","status":"mocked"},{"name":"https","status":"mocked"},{"name":"https","status":"mocked"},{"name":"net","status":"mocked"}] {"metadata":{"emulator":{"name":"functions"},"message":"[runtime-status] [2048] Outgoing network have been stubbed. [{\"name\":\"http\",\"status\":\"mocked\"},{\"name\":\"http\",\"status\":\"mocked\"},{\"name\":\"https\",\"status\":\"mocked\"},{\"name\":\"https\",\"status\":\"mocked\"},{\"name\":\"net\",\"status\":\"mocked\"}]"}}
[debug] [2021-01-08T19:14:14.472Z] [runtime-status] [2048] Resolved module firebase-functions {"declared":true,"installed":true,"version":"3.13.0","resolution":"/Users/melbin/Documents/FullStack/amazon-clone/functions/node_modules/firebase-functions/lib/index.js"} {"metadata":{"emulator":{"name":"functions"},"message":"[runtime-status] [2048] Resolved module firebase-functions {\"declared\":true,\"installed\":true,\"version\":\"3.13.0\",\"resolution\":\"/Users/melbin/Documents/FullStack/amazon-clone/functions/node_modules/firebase-functions/lib/index.js\"}"}}
[debug] [2021-01-08T19:14:14.501Z] [runtime-status] [2048] Checked functions.config() {"config":{}} {"metadata":{"emulator":{"name":"functions"},"message":"[runtime-status] [2048] Checked functions.config() {\"config\":{}}"}}
[debug] [2021-01-08T19:14:14.501Z] [runtime-status] [2048] firebase-functions has been stubbed. {"functionsResolution":{"declared":true,"installed":true,"version":"3.13.0","resolution":"/Users/melbin/Documents/FullStack/amazon-clone/functions/node_modules/firebase-functions/lib/index.js"}} {"metadata":{"emulator":{"name":"functions"},"message":"[runtime-status] [2048] firebase-functions has been stubbed. {\"functionsResolution\":{\"declared\":true,\"installed\":true,\"version\":\"3.13.0\",\"resolution\":\"/Users/melbin/Documents/FullStack/amazon-clone/functions/node_modules/firebase-functions/lib/index.js\"}}"}}
[debug] [2021-01-08T19:14:14.501Z] [runtime-status] [2048] Resolved module firebase-functions {"declared":true,"installed":true,"version":"3.13.0","resolution":"/Users/melbin/Documents/FullStack/amazon-clone/functions/node_modules/firebase-functions/lib/index.js"} {"metadata":{"emulator":{"name":"functions"},"message":"[runtime-status] [2048] Resolved module firebase-functions {\"declared\":true,\"installed\":true,\"version\":\"3.13.0\",\"resolution\":\"/Users/melbin/Documents/FullStack/amazon-clone/functions/node_modules/firebase-functions/lib/index.js\"}"}}
[debug] [2021-01-08T19:14:14.502Z] [runtime-status] [2048] Resolved module firebase-admin {"declared":true,"installed":true,"version":"9.4.2","resolution":"/Users/melbin/Documents/FullStack/amazon-clone/functions/node_modules/firebase-admin/lib/index.js"} {"metadata":{"emulator":{"name":"functions"},"message":"[runtime-status] [2048] Resolved module firebase-admin {\"declared\":true,\"installed\":true,\"version\":\"9.4.2\",\"resolution\":\"/Users/melbin/Documents/FullStack/amazon-clone/functions/node_modules/firebase-admin/lib/index.js\"}"}}
[debug] [2021-01-08T19:14:14.502Z] [runtime-status] [2048] Resolved module firebase-functions {"declared":true,"installed":true,"version":"3.13.0","resolution":"/Users/melbin/Documents/FullStack/amazon-clone/functions/node_modules/firebase-functions/lib/index.js"} {"metadata":{"emulator":{"name":"functions"},"message":"[runtime-status] [2048] Resolved module firebase-functions {\"declared\":true,\"installed\":true,\"version\":\"3.13.0\",\"resolution\":\"/Users/melbin/Documents/FullStack/amazon-clone/functions/node_modules/firebase-functions/lib/index.js\"}"}}
[debug] [2021-01-08T19:14:14.502Z] [runtime-status] [2048] firebase-admin has been stubbed. {"adminResolution":{"declared":true,"installed":true,"version":"9.4.2","resolution":"/Users/melbin/Documents/FullStack/amazon-clone/functions/node_modules/firebase-admin/lib/index.js"}} {"metadata":{"emulator":{"name":"functions"},"message":"[runtime-status] [2048] firebase-admin has been stubbed. {\"adminResolution\":{\"declared\":true,\"installed\":true,\"version\":\"9.4.2\",\"resolution\":\"/Users/melbin/Documents/FullStack/amazon-clone/functions/node_modules/firebase-admin/lib/index.js\"}}"}}
[info] ✔  functions[api]: http function initialized (http://localhost:5001/clone-bb373/us-central1/api). {"metadata":{"emulator":{"name":"functions"},"message":"\u001b[1mhttp\u001b[22m function initialized (http://localhost:5001/clone-bb373/us-central1/api)."}}
[info] 
┌─────────────────────────────────────────────────────────────┐
│ ✔  All emulators ready! It is now safe to connect your app. │
│ i  View Emulator UI at http://localhost:4000                │
└─────────────────────────────────────────────────────────────┘

┌───────────┬────────────────┬─────────────────────────────────┐
│ Emulator  │ Host:Port      │ View in Emulator UI             │
├───────────┼────────────────┼─────────────────────────────────┤
│ Functions │ localhost:5001 │ http://localhost:4000/functions │
├───────────┼────────────────┼─────────────────────────────────┤
│ Hosting   │ localhost:5000 │ n/a                             │
└───────────┴────────────────┴─────────────────────────────────┘
  Emulator Hub running at localhost:4400
  Other reserved ports: 4500

Issues? Report them at https://github.com/firebase/firebase-tools/issues and attach the *-debug.log files.
 
[debug] [2021-01-08T19:14:14.580Z] [worker-~diagnostic~-b7f588da-7252-4efe-889e-2fcc844ad61a]: IDLE {"metadata":{"emulator":{"name":"functions"},"message":"[worker-~diagnostic~-b7f588da-7252-4efe-889e-2fcc844ad61a]: IDLE"}}
[debug] [2021-01-08T19:14:23.527Z] [work-queue] {"queueLength":1,"workRunningCount":0}
[debug] [2021-01-08T19:14:23.527Z] [work-queue] {"queueLength":0,"workRunningCount":1}
[debug] [2021-01-08T19:14:23.528Z] Accepted request GET /clone-bb373/us-central1/api --> api
[debug] [2021-01-08T19:14:23.532Z] [worker-pool] addWorker(api) {"metadata":{"emulator":{"name":"functions"},"message":"[worker-pool] addWorker(api)"}}
[debug] [2021-01-08T19:14:23.533Z] [worker-pool] Adding worker with key api, total=1 {"metadata":{"emulator":{"name":"functions"},"message":"[worker-pool] Adding worker with key api, total=1"}}
[debug] [2021-01-08T19:14:23.533Z] [worker-pool] submitWork(triggerId=api) {"metadata":{"emulator":{"name":"functions"},"message":"[worker-pool] submitWork(triggerId=api)"}}
[debug] [2021-01-08T19:14:23.533Z] [worker-api-31fb382d-f49d-4f87-99ad-8592ba41f406]: Assigning socketPath: /var/folders/d7/_73dy1sx3x3529m3y8zkr2sw0000gn/T/fire_emu_2064.sock {"metadata":{"emulator":{"name":"functions"},"message":"[worker-api-31fb382d-f49d-4f87-99ad-8592ba41f406]: Assigning socketPath: /var/folders/d7/_73dy1sx3x3529m3y8zkr2sw0000gn/T/fire_emu_2064.sock"}}
[debug] [2021-01-08T19:14:23.533Z] [worker-api-31fb382d-f49d-4f87-99ad-8592ba41f406]: BUSY {"metadata":{"emulator":{"name":"functions"},"message":"[worker-api-31fb382d-f49d-4f87-99ad-8592ba41f406]: BUSY"}}
[debug] [2021-01-08T19:14:23.689Z] [runtime-status] [2064] Functions runtime initialized. {"cwd":"/Users/melbin/Documents/FullStack/amazon-clone/functions","node_version":"12.19.0"} {"metadata":{"emulator":{"name":"functions"},"function":{"name":"api"},"message":"[runtime-status] [2064] Functions runtime initialized. {\"cwd\":\"/Users/melbin/Documents/FullStack/amazon-clone/functions\",\"node_version\":\"12.19.0\"}"}}
[debug] [2021-01-08T19:14:23.690Z] [runtime-status] [2064] Disabled runtime features: undefined {"metadata":{"emulator":{"name":"functions"},"function":{"name":"api"},"message":"[runtime-status] [2064] Disabled runtime features: undefined"}}
[debug] [2021-01-08T19:14:23.692Z] [runtime-status] [2064] Resolved module firebase-admin {"declared":true,"installed":true,"version":"9.4.2","resolution":"/Users/melbin/Documents/FullStack/amazon-clone/functions/node_modules/firebase-admin/lib/index.js"} {"metadata":{"emulator":{"name":"functions"},"function":{"name":"api"},"message":"[runtime-status] [2064] Resolved module firebase-admin {\"declared\":true,\"installed\":true,\"version\":\"9.4.2\",\"resolution\":\"/Users/melbin/Documents/FullStack/amazon-clone/functions/node_modules/firebase-admin/lib/index.js\"}"}}
[debug] [2021-01-08T19:14:23.694Z] [runtime-status] [2064] Resolved module firebase-functions {"declared":true,"installed":true,"version":"3.13.0","resolution":"/Users/melbin/Documents/FullStack/amazon-clone/functions/node_modules/firebase-functions/lib/index.js"} {"metadata":{"emulator":{"name":"functions"},"function":{"name":"api"},"message":"[runtime-status] [2064] Resolved module firebase-functions {\"declared\":true,\"installed\":true,\"version\":\"3.13.0\",\"resolution\":\"/Users/melbin/Documents/FullStack/amazon-clone/functions/node_modules/firebase-functions/lib/index.js\"}"}}
[debug] [2021-01-08T19:14:23.695Z] [runtime-status] [2064] Resolved module firebase-functions {"declared":true,"installed":true,"version":"3.13.0","resolution":"/Users/melbin/Documents/FullStack/amazon-clone/functions/node_modules/firebase-functions/lib/index.js"} {"metadata":{"emulator":{"name":"functions"},"function":{"name":"api"},"message":"[runtime-status] [2064] Resolved module firebase-functions {\"declared\":true,\"installed\":true,\"version\":\"3.13.0\",\"resolution\":\"/Users/melbin/Documents/FullStack/amazon-clone/functions/node_modules/firebase-functions/lib/index.js\"}"}}
[debug] [2021-01-08T19:14:23.697Z] [runtime-status] [2064] Outgoing network have been stubbed. [{"name":"http","status":"mocked"},{"name":"http","status":"mocked"},{"name":"https","status":"mocked"},{"name":"https","status":"mocked"},{"name":"net","status":"mocked"}] {"metadata":{"emulator":{"name":"functions"},"function":{"name":"api"},"message":"[runtime-status] [2064] Outgoing network have been stubbed. [{\"name\":\"http\",\"status\":\"mocked\"},{\"name\":\"http\",\"status\":\"mocked\"},{\"name\":\"https\",\"status\":\"mocked\"},{\"name\":\"https\",\"status\":\"mocked\"},{\"name\":\"net\",\"status\":\"mocked\"}]"}}
[debug] [2021-01-08T19:14:23.698Z] [runtime-status] [2064] Resolved module firebase-functions {"declared":true,"installed":true,"version":"3.13.0","resolution":"/Users/melbin/Documents/FullStack/amazon-clone/functions/node_modules/firebase-functions/lib/index.js"} {"metadata":{"emulator":{"name":"functions"},"function":{"name":"api"},"message":"[runtime-status] [2064] Resolved module firebase-functions {\"declared\":true,\"installed\":true,\"version\":\"3.13.0\",\"resolution\":\"/Users/melbin/Documents/FullStack/amazon-clone/functions/node_modules/firebase-functions/lib/index.js\"}"}}
[debug] [2021-01-08T19:14:23.747Z] [runtime-status] [2064] Checked functions.config() {"config":{}} {"metadata":{"emulator":{"name":"functions"},"function":{"name":"api"},"message":"[runtime-status] [2064] Checked functions.config() {\"config\":{}}"}}
[debug] [2021-01-08T19:14:23.748Z] [runtime-status] [2064] firebase-functions has been stubbed. {"functionsResolution":{"declared":true,"installed":true,"version":"3.13.0","resolution":"/Users/melbin/Documents/FullStack/amazon-clone/functions/node_modules/firebase-functions/lib/index.js"}} {"metadata":{"emulator":{"name":"functions"},"function":{"name":"api"},"message":"[runtime-status] [2064] firebase-functions has been stubbed. {\"functionsResolution\":{\"declared\":true,\"installed\":true,\"version\":\"3.13.0\",\"resolution\":\"/Users/melbin/Documents/FullStack/amazon-clone/functions/node_modules/firebase-functions/lib/index.js\"}}"}}
[debug] [2021-01-08T19:14:23.748Z] [runtime-status] [2064] Resolved module firebase-functions {"declared":true,"installed":true,"version":"3.13.0","resolution":"/Users/melbin/Documents/FullStack/amazon-clone/functions/node_modules/firebase-functions/lib/index.js"} {"metadata":{"emulator":{"name":"functions"},"function":{"name":"api"},"message":"[runtime-status] [2064] Resolved module firebase-functions {\"declared\":true,\"installed\":true,\"version\":\"3.13.0\",\"resolution\":\"/Users/melbin/Documents/FullStack/amazon-clone/functions/node_modules/firebase-functions/lib/index.js\"}"}}
[debug] [2021-01-08T19:14:23.749Z] [runtime-status] [2064] Resolved module firebase-admin {"declared":true,"installed":true,"version":"9.4.2","resolution":"/Users/melbin/Documents/FullStack/amazon-clone/functions/node_modules/firebase-admin/lib/index.js"} {"metadata":{"emulator":{"name":"functions"},"function":{"name":"api"},"message":"[runtime-status] [2064] Resolved module firebase-admin {\"declared\":true,\"installed\":true,\"version\":\"9.4.2\",\"resolution\":\"/Users/melbin/Documents/FullStack/amazon-clone/functions/node_modules/firebase-admin/lib/index.js\"}"}}
[debug] [2021-01-08T19:14:23.749Z] [runtime-status] [2064] Resolved module firebase-functions {"declared":true,"installed":true,"version":"3.13.0","resolution":"/Users/melbin/Documents/FullStack/amazon-clone/functions/node_modules/firebase-functions/lib/index.js"} {"metadata":{"emulator":{"name":"functions"},"function":{"name":"api"},"message":"[runtime-status] [2064] Resolved module firebase-functions {\"declared\":true,\"installed\":true,\"version\":\"3.13.0\",\"resolution\":\"/Users/melbin/Documents/FullStack/amazon-clone/functions/node_modules/firebase-functions/lib/index.js\"}"}}
[debug] [2021-01-08T19:14:23.749Z] [runtime-status] [2064] firebase-admin has been stubbed. {"adminResolution":{"declared":true,"installed":true,"version":"9.4.2","resolution":"/Users/melbin/Documents/FullStack/amazon-clone/functions/node_modules/firebase-admin/lib/index.js"}} {"metadata":{"emulator":{"name":"functions"},"function":{"name":"api"},"message":"[runtime-status] [2064] firebase-admin has been stubbed. {\"adminResolution\":{\"declared\":true,\"installed\":true,\"version\":\"9.4.2\",\"resolution\":\"/Users/melbin/Documents/FullStack/amazon-clone/functions/node_modules/firebase-admin/lib/index.js\"}}"}}
[debug] [2021-01-08T19:14:23.898Z] [runtime-status] [2064] Trigger "api" has been found, beginning invocation! {"metadata":{"emulator":{"name":"functions"},"function":{"name":"api"},"message":"[runtime-status] [2064] Trigger \"api\" has been found, beginning invocation!"}}
[info] i  functions: Beginning execution of "api" {"metadata":{"emulator":{"name":"functions"},"function":{"name":"api"},"message":"Beginning execution of \"api\""}}
[debug] [2021-01-08T19:14:23.899Z] [runtime-status] [2064] triggerDefinition {"httpsTrigger":{},"name":"api","entryPoint":"api"} {"metadata":{"emulator":{"name":"functions"},"function":{"name":"api"},"message":"[runtime-status] [2064] triggerDefinition {\"httpsTrigger\":{},\"name\":\"api\",\"entryPoint\":\"api\"}"}}
[debug] [2021-01-08T19:14:23.899Z] [runtime-status] [2064] Running api in mode HTTPS {"metadata":{"emulator":{"name":"functions"},"function":{"name":"api"},"message":"[runtime-status] [2064] Running api in mode HTTPS"}}
[debug] [2021-01-08T19:14:23.902Z] [runtime-status] [2064] Attempting to listen to socketPath: /var/folders/d7/_73dy1sx3x3529m3y8zkr2sw0000gn/T/fire_emu_2064.sock {"metadata":{"emulator":{"name":"functions"},"function":{"name":"api"},"message":"[runtime-status] [2064] Attempting to listen to socketPath: /var/folders/d7/_73dy1sx3x3529m3y8zkr2sw0000gn/T/fire_emu_2064.sock"}}
[debug] [2021-01-08T19:14:23.905Z] [functions] Runtime ready! Sending request! {"metadata":{"emulator":{"name":"functions"},"message":"[functions] Runtime ready! Sending request!"}}
[debug] [2021-01-08T19:14:23.911Z] [runtime-status] [2064] Ephemeral server handling GET request {"metadata":{"emulator":{"name":"functions"},"function":{"name":"api"},"message":"[runtime-status] [2064] Ephemeral server handling GET request"}}
[debug] [2021-01-08T19:14:23.917Z] [runtime-status] [2064] Ephemeral server survived. {"metadata":{"emulator":{"name":"functions"},"function":{"name":"api"},"message":"[runtime-status] [2064] Ephemeral server survived."}}
[info] i  functions: Finished "api" in ~1s {"metadata":{"emulator":{"name":"functions"},"function":{"name":"api"},"message":"Finished \"api\" in ~1s"}}
[debug] [2021-01-08T19:14:23.923Z] [worker-api-31fb382d-f49d-4f87-99ad-8592ba41f406]: IDLE {"metadata":{"emulator":{"name":"functions"},"message":"[worker-api-31fb382d-f49d-4f87-99ad-8592ba41f406]: IDLE"}}
[debug] [2021-01-08T19:14:23.923Z] [work-queue] {"queueLength":0,"workRunningCount":0}
[debug] [2021-01-08T19:14:39.576Z] [work-queue] {"queueLength":1,"workRunningCount":0}
[debug] [2021-01-08T19:14:39.576Z] [work-queue] {"queueLength":0,"workRunningCount":1}
[debug] [2021-01-08T19:14:39.576Z] Accepted request POST /clone-bb373/us-central1/api/payments/create?total=50192 --> api
[debug] [2021-01-08T19:14:39.577Z] [worker-pool] submitWork(triggerId=api) {"metadata":{"emulator":{"name":"functions"},"message":"[worker-pool] submitWork(triggerId=api)"}}
[debug] [2021-01-08T19:14:39.577Z] [worker-api-31fb382d-f49d-4f87-99ad-8592ba41f406]: Assigning socketPath: /var/folders/d7/_73dy1sx3x3529m3y8zkr2sw0000gn/T/fire_emu_2064.sock {"metadata":{"emulator":{"name":"functions"},"message":"[worker-api-31fb382d-f49d-4f87-99ad-8592ba41f406]: Assigning socketPath: /var/folders/d7/_73dy1sx3x3529m3y8zkr2sw0000gn/T/fire_emu_2064.sock"}}
[debug] [2021-01-08T19:14:39.577Z] [worker-api-31fb382d-f49d-4f87-99ad-8592ba41f406]: BUSY {"metadata":{"emulator":{"name":"functions"},"message":"[worker-api-31fb382d-f49d-4f87-99ad-8592ba41f406]: BUSY"}}
[debug] [2021-01-08T19:14:39.578Z] [runtime-status] [2064] Trigger "api" has been found, beginning invocation! {"metadata":{"emulator":{"name":"functions"},"function":{"name":"api"},"message":"[runtime-status] [2064] Trigger \"api\" has been found, beginning invocation!"}}
[info] i  functions: Beginning execution of "api" {"metadata":{"emulator":{"name":"functions"},"function":{"name":"api"},"message":"Beginning execution of \"api\""}}
[debug] [2021-01-08T19:14:39.579Z] [runtime-status] [2064] triggerDefinition {"httpsTrigger":{},"name":"api","entryPoint":"api"} {"metadata":{"emulator":{"name":"functions"},"function":{"name":"api"},"message":"[runtime-status] [2064] triggerDefinition {\"httpsTrigger\":{},\"name\":\"api\",\"entryPoint\":\"api\"}"}}
[debug] [2021-01-08T19:14:39.579Z] [runtime-status] [2064] Running api in mode HTTPS {"metadata":{"emulator":{"name":"functions"},"function":{"name":"api"},"message":"[runtime-status] [2064] Running api in mode HTTPS"}}
[debug] [2021-01-08T19:14:39.579Z] [runtime-status] [2064] Attempting to listen to socketPath: /var/folders/d7/_73dy1sx3x3529m3y8zkr2sw0000gn/T/fire_emu_2064.sock {"metadata":{"emulator":{"name":"functions"},"function":{"name":"api"},"message":"[runtime-status] [2064] Attempting to listen to socketPath: /var/folders/d7/_73dy1sx3x3529m3y8zkr2sw0000gn/T/fire_emu_2064.sock"}}
[debug] [2021-01-08T19:14:39.580Z] [functions] Runtime ready! Sending request! {"metadata":{"emulator":{"name":"functions"},"message":"[functions] Runtime ready! Sending request!"}}
[debug] [2021-01-08T19:14:39.588Z] [runtime-status] [2064] Ephemeral server handling POST request {"metadata":{"emulator":{"name":"functions"},"function":{"name":"api"},"message":"[runtime-status] [2064] Ephemeral server handling POST request"}}
[info] >  Payment Request Recieved BOOM!!! for this amount >>>  50192 {"user":"Payment Request Recieved BOOM!!! for this amount >>>  50192","metadata":{"emulator":{"name":"functions"},"function":{"name":"api"},"message":"\u001b[90m> \u001b[39m Payment Request Recieved BOOM!!! for this amount >>>  50192"}}
[debug] [2021-01-08T19:14:39.598Z] [runtime-status] [2064] Ephemeral server survived. {"metadata":{"emulator":{"name":"functions"},"function":{"name":"api"},"message":"[runtime-status] [2064] Ephemeral server survived."}}
[info] i  functions: Finished "api" in ~1s {"metadata":{"emulator":{"name":"functions"},"function":{"name":"api"},"message":"Finished \"api\" in ~1s"}}
[debug] [2021-01-08T19:14:40.106Z] [worker-api-31fb382d-f49d-4f87-99ad-8592ba41f406]: IDLE {"metadata":{"emulator":{"name":"functions"},"message":"[worker-api-31fb382d-f49d-4f87-99ad-8592ba41f406]: IDLE"}}
[debug] [2021-01-08T19:14:40.106Z] [work-queue] {"queueLength":0,"workRunningCount":0}
[debug] [2021-01-08T19:16:37.088Z] File /Users/melbin/Documents/FullStack/amazon-clone/functions/index.js changed, reloading triggers {"metadata":{"emulator":{"name":"functions"},"message":"File /Users/melbin/Documents/FullStack/amazon-clone/functions/index.js changed, reloading triggers"}}
[debug] [2021-01-08T19:16:38.092Z] [worker-pool] Shutting down IDLE worker (~diagnostic~) {"metadata":{"emulator":{"name":"functions"},"message":"[worker-pool] Shutting down IDLE worker (~diagnostic~)"}}
[debug] [2021-01-08T19:16:38.093Z] [worker-~diagnostic~-b7f588da-7252-4efe-889e-2fcc844ad61a]: FINISHING {"metadata":{"emulator":{"name":"functions"},"message":"[worker-~diagnostic~-b7f588da-7252-4efe-889e-2fcc844ad61a]: FINISHING"}}
[debug] [2021-01-08T19:16:38.093Z] [worker-pool] Shutting down IDLE worker (api) {"metadata":{"emulator":{"name":"functions"},"message":"[worker-pool] Shutting down IDLE worker (api)"}}
[debug] [2021-01-08T19:16:38.093Z] [worker-api-31fb382d-f49d-4f87-99ad-8592ba41f406]: FINISHING {"metadata":{"emulator":{"name":"functions"},"message":"[worker-api-31fb382d-f49d-4f87-99ad-8592ba41f406]: FINISHING"}}
[debug] [2021-01-08T19:16:38.097Z] [worker-pool] addWorker(~diagnostic~) {"metadata":{"emulator":{"name":"functions"},"message":"[worker-pool] addWorker(~diagnostic~)"}}
[debug] [2021-01-08T19:16:38.098Z] [worker-pool] Adding worker with key ~diagnostic~, total=2 {"metadata":{"emulator":{"name":"functions"},"message":"[worker-pool] Adding worker with key ~diagnostic~, total=2"}}
[debug] [2021-01-08T19:16:38.098Z] [worker-pool] submitWork(triggerId=) {"metadata":{"emulator":{"name":"functions"},"message":"[worker-pool] submitWork(triggerId=)"}}
[debug] [2021-01-08T19:16:38.098Z] [worker-~diagnostic~-7bed1e01-7867-40d8-9fd9-bc0955cc5c4c]: Assigning socketPath: /var/folders/d7/_73dy1sx3x3529m3y8zkr2sw0000gn/T/fire_emu_2095.sock {"metadata":{"emulator":{"name":"functions"},"message":"[worker-~diagnostic~-7bed1e01-7867-40d8-9fd9-bc0955cc5c4c]: Assigning socketPath: /var/folders/d7/_73dy1sx3x3529m3y8zkr2sw0000gn/T/fire_emu_2095.sock"}}
[debug] [2021-01-08T19:16:38.098Z] [worker-~diagnostic~-7bed1e01-7867-40d8-9fd9-bc0955cc5c4c]: BUSY {"metadata":{"emulator":{"name":"functions"},"message":"[worker-~diagnostic~-7bed1e01-7867-40d8-9fd9-bc0955cc5c4c]: BUSY"}}
[debug] [2021-01-08T19:16:38.100Z] [worker-~diagnostic~-b7f588da-7252-4efe-889e-2fcc844ad61a]: exited {"metadata":{"emulator":{"name":"functions"},"message":"[worker-~diagnostic~-b7f588da-7252-4efe-889e-2fcc844ad61a]: exited"}}
[debug] [2021-01-08T19:16:38.100Z] [worker-~diagnostic~-b7f588da-7252-4efe-889e-2fcc844ad61a]: FINISHED {"metadata":{"emulator":{"name":"functions"},"message":"[worker-~diagnostic~-b7f588da-7252-4efe-889e-2fcc844ad61a]: FINISHED"}}
[debug] [2021-01-08T19:16:38.101Z] [worker-api-31fb382d-f49d-4f87-99ad-8592ba41f406]: exited {"metadata":{"emulator":{"name":"functions"},"message":"[worker-api-31fb382d-f49d-4f87-99ad-8592ba41f406]: exited"}}
[debug] [2021-01-08T19:16:38.101Z] [worker-api-31fb382d-f49d-4f87-99ad-8592ba41f406]: FINISHED {"metadata":{"emulator":{"name":"functions"},"message":"[worker-api-31fb382d-f49d-4f87-99ad-8592ba41f406]: FINISHED"}}
[debug] [2021-01-08T19:16:38.308Z] [runtime-status] [2095] Functions runtime initialized. {"cwd":"/Users/melbin/Documents/FullStack/amazon-clone/functions","node_version":"12.19.0"} {"metadata":{"emulator":{"name":"functions"},"message":"[runtime-status] [2095] Functions runtime initialized. {\"cwd\":\"/Users/melbin/Documents/FullStack/amazon-clone/functions\",\"node_version\":\"12.19.0\"}"}}
[debug] [2021-01-08T19:16:38.309Z] [runtime-status] [2095] Disabled runtime features: undefined {"metadata":{"emulator":{"name":"functions"},"message":"[runtime-status] [2095] Disabled runtime features: undefined"}}
[debug] [2021-01-08T19:16:38.312Z] [runtime-status] [2095] Resolved module firebase-admin {"declared":true,"installed":true,"version":"9.4.2","resolution":"/Users/melbin/Documents/FullStack/amazon-clone/functions/node_modules/firebase-admin/lib/index.js"} {"metadata":{"emulator":{"name":"functions"},"message":"[runtime-status] [2095] Resolved module firebase-admin {\"declared\":true,\"installed\":true,\"version\":\"9.4.2\",\"resolution\":\"/Users/melbin/Documents/FullStack/amazon-clone/functions/node_modules/firebase-admin/lib/index.js\"}"}}
[debug] [2021-01-08T19:16:38.314Z] [runtime-status] [2095] Resolved module firebase-functions {"declared":true,"installed":true,"version":"3.13.0","resolution":"/Users/melbin/Documents/FullStack/amazon-clone/functions/node_modules/firebase-functions/lib/index.js"} {"metadata":{"emulator":{"name":"functions"},"message":"[runtime-status] [2095] Resolved module firebase-functions {\"declared\":true,\"installed\":true,\"version\":\"3.13.0\",\"resolution\":\"/Users/melbin/Documents/FullStack/amazon-clone/functions/node_modules/firebase-functions/lib/index.js\"}"}}
[debug] [2021-01-08T19:16:38.314Z] [runtime-status] [2095] Resolved module firebase-functions {"declared":true,"installed":true,"version":"3.13.0","resolution":"/Users/melbin/Documents/FullStack/amazon-clone/functions/node_modules/firebase-functions/lib/index.js"} {"metadata":{"emulator":{"name":"functions"},"message":"[runtime-status] [2095] Resolved module firebase-functions {\"declared\":true,\"installed\":true,\"version\":\"3.13.0\",\"resolution\":\"/Users/melbin/Documents/FullStack/amazon-clone/functions/node_modules/firebase-functions/lib/index.js\"}"}}
[debug] [2021-01-08T19:16:38.316Z] [runtime-status] [2095] Outgoing network have been stubbed. [{"name":"http","status":"mocked"},{"name":"http","status":"mocked"},{"name":"https","status":"mocked"},{"name":"https","status":"mocked"},{"name":"net","status":"mocked"}] {"metadata":{"emulator":{"name":"functions"},"message":"[runtime-status] [2095] Outgoing network have been stubbed. [{\"name\":\"http\",\"status\":\"mocked\"},{\"name\":\"http\",\"status\":\"mocked\"},{\"name\":\"https\",\"status\":\"mocked\"},{\"name\":\"https\",\"status\":\"mocked\"},{\"name\":\"net\",\"status\":\"mocked\"}]"}}
[debug] [2021-01-08T19:16:38.316Z] [runtime-status] [2095] Resolved module firebase-functions {"declared":true,"installed":true,"version":"3.13.0","resolution":"/Users/melbin/Documents/FullStack/amazon-clone/functions/node_modules/firebase-functions/lib/index.js"} {"metadata":{"emulator":{"name":"functions"},"message":"[runtime-status] [2095] Resolved module firebase-functions {\"declared\":true,\"installed\":true,\"version\":\"3.13.0\",\"resolution\":\"/Users/melbin/Documents/FullStack/amazon-clone/functions/node_modules/firebase-functions/lib/index.js\"}"}}
[debug] [2021-01-08T19:16:38.374Z] [runtime-status] [2095] Checked functions.config() {"config":{}} {"metadata":{"emulator":{"name":"functions"},"message":"[runtime-status] [2095] Checked functions.config() {\"config\":{}}"}}
[debug] [2021-01-08T19:16:38.375Z] [runtime-status] [2095] firebase-functions has been stubbed. {"functionsResolution":{"declared":true,"installed":true,"version":"3.13.0","resolution":"/Users/melbin/Documents/FullStack/amazon-clone/functions/node_modules/firebase-functions/lib/index.js"}} {"metadata":{"emulator":{"name":"functions"},"message":"[runtime-status] [2095] firebase-functions has been stubbed. {\"functionsResolution\":{\"declared\":true,\"installed\":true,\"version\":\"3.13.0\",\"resolution\":\"/Users/melbin/Documents/FullStack/amazon-clone/functions/node_modules/firebase-functions/lib/index.js\"}}"}}
[debug] [2021-01-08T19:16:38.375Z] [runtime-status] [2095] Resolved module firebase-functions {"declared":true,"installed":true,"version":"3.13.0","resolution":"/Users/melbin/Documents/FullStack/amazon-clone/functions/node_modules/firebase-functions/lib/index.js"} {"metadata":{"emulator":{"name":"functions"},"message":"[runtime-status] [2095] Resolved module firebase-functions {\"declared\":true,\"installed\":true,\"version\":\"3.13.0\",\"resolution\":\"/Users/melbin/Documents/FullStack/amazon-clone/functions/node_modules/firebase-functions/lib/index.js\"}"}}
[debug] [2021-01-08T19:16:38.376Z] [runtime-status] [2095] Resolved module firebase-admin {"declared":true,"installed":true,"version":"9.4.2","resolution":"/Users/melbin/Documents/FullStack/amazon-clone/functions/node_modules/firebase-admin/lib/index.js"} {"metadata":{"emulator":{"name":"functions"},"message":"[runtime-status] [2095] Resolved module firebase-admin {\"declared\":true,\"installed\":true,\"version\":\"9.4.2\",\"resolution\":\"/Users/melbin/Documents/FullStack/amazon-clone/functions/node_modules/firebase-admin/lib/index.js\"}"}}
[debug] [2021-01-08T19:16:38.376Z] [runtime-status] [2095] Resolved module firebase-functions {"declared":true,"installed":true,"version":"3.13.0","resolution":"/Users/melbin/Documents/FullStack/amazon-clone/functions/node_modules/firebase-functions/lib/index.js"} {"metadata":{"emulator":{"name":"functions"},"message":"[runtime-status] [2095] Resolved module firebase-functions {\"declared\":true,\"installed\":true,\"version\":\"3.13.0\",\"resolution\":\"/Users/melbin/Documents/FullStack/amazon-clone/functions/node_modules/firebase-functions/lib/index.js\"}"}}
[debug] [2021-01-08T19:16:38.376Z] [runtime-status] [2095] firebase-admin has been stubbed. {"adminResolution":{"declared":true,"installed":true,"version":"9.4.2","resolution":"/Users/melbin/Documents/FullStack/amazon-clone/functions/node_modules/firebase-admin/lib/index.js"}} {"metadata":{"emulator":{"name":"functions"},"message":"[runtime-status] [2095] firebase-admin has been stubbed. {\"adminResolution\":{\"declared\":true,\"installed\":true,\"version\":\"9.4.2\",\"resolution\":\"/Users/melbin/Documents/FullStack/amazon-clone/functions/node_modules/firebase-admin/lib/index.js\"}}"}}
[debug] [2021-01-08T19:16:38.528Z] [worker-~diagnostic~-7bed1e01-7867-40d8-9fd9-bc0955cc5c4c]: IDLE {"metadata":{"emulator":{"name":"functions"},"message":"[worker-~diagnostic~-7bed1e01-7867-40d8-9fd9-bc0955cc5c4c]: IDLE"}}
[debug] [2021-01-08T19:21:27.784Z] [work-queue] {"queueLength":1,"workRunningCount":0}
[debug] [2021-01-08T19:21:27.784Z] [work-queue] {"queueLength":0,"workRunningCount":1}
[debug] [2021-01-08T19:21:27.784Z] Accepted request POST /clone-bb373/us-central1/api/payments/create?total=25096 --> api
[debug] [2021-01-08T19:21:27.784Z] [worker-pool] Cleaned up workers for ~diagnostic~: 2 --> 1 {"metadata":{"emulator":{"name":"functions"},"message":"[worker-pool] Cleaned up workers for ~diagnostic~: 2 --> 1"}}
[debug] [2021-01-08T19:21:27.784Z] [worker-pool] Cleaned up workers for api: 1 --> 0 {"metadata":{"emulator":{"name":"functions"},"message":"[worker-pool] Cleaned up workers for api: 1 --> 0"}}
[debug] [2021-01-08T19:21:27.790Z] [worker-pool] addWorker(api) {"metadata":{"emulator":{"name":"functions"},"message":"[worker-pool] addWorker(api)"}}
[debug] [2021-01-08T19:21:27.790Z] [worker-pool] Adding worker with key api, total=1 {"metadata":{"emulator":{"name":"functions"},"message":"[worker-pool] Adding worker with key api, total=1"}}
[debug] [2021-01-08T19:21:27.790Z] [worker-pool] submitWork(triggerId=api) {"metadata":{"emulator":{"name":"functions"},"message":"[worker-pool] submitWork(triggerId=api)"}}
[debug] [2021-01-08T19:21:27.793Z] [worker-api-a96673fa-5ade-4489-8f8d-f63a972fac5d]: Assigning socketPath: /var/folders/d7/_73dy1sx3x3529m3y8zkr2sw0000gn/T/fire_emu_2137.sock {"metadata":{"emulator":{"name":"functions"},"message":"[worker-api-a96673fa-5ade-4489-8f8d-f63a972fac5d]: Assigning socketPath: /var/folders/d7/_73dy1sx3x3529m3y8zkr2sw0000gn/T/fire_emu_2137.sock"}}
[debug] [2021-01-08T19:21:27.793Z] [worker-api-a96673fa-5ade-4489-8f8d-f63a972fac5d]: BUSY {"metadata":{"emulator":{"name":"functions"},"message":"[worker-api-a96673fa-5ade-4489-8f8d-f63a972fac5d]: BUSY"}}
[debug] [2021-01-08T19:21:28.016Z] [runtime-status] [2137] Functions runtime initialized. {"cwd":"/Users/melbin/Documents/FullStack/amazon-clone/functions","node_version":"12.19.0"} {"metadata":{"emulator":{"name":"functions"},"function":{"name":"api"},"message":"[runtime-status] [2137] Functions runtime initialized. {\"cwd\":\"/Users/melbin/Documents/FullStack/amazon-clone/functions\",\"node_version\":\"12.19.0\"}"}}
[debug] [2021-01-08T19:21:28.017Z] [runtime-status] [2137] Disabled runtime features: undefined {"metadata":{"emulator":{"name":"functions"},"function":{"name":"api"},"message":"[runtime-status] [2137] Disabled runtime features: undefined"}}
[debug] [2021-01-08T19:21:28.022Z] [runtime-status] [2137] Resolved module firebase-admin {"declared":true,"installed":true,"version":"9.4.2","resolution":"/Users/melbin/Documents/FullStack/amazon-clone/functions/node_modules/firebase-admin/lib/index.js"} {"metadata":{"emulator":{"name":"functions"},"function":{"name":"api"},"message":"[runtime-status] [2137] Resolved module firebase-admin {\"declared\":true,\"installed\":true,\"version\":\"9.4.2\",\"resolution\":\"/Users/melbin/Documents/FullStack/amazon-clone/functions/node_modules/firebase-admin/lib/index.js\"}"}}
[debug] [2021-01-08T19:21:28.024Z] [runtime-status] [2137] Resolved module firebase-functions {"declared":true,"installed":true,"version":"3.13.0","resolution":"/Users/melbin/Documents/FullStack/amazon-clone/functions/node_modules/firebase-functions/lib/index.js"} {"metadata":{"emulator":{"name":"functions"},"function":{"name":"api"},"message":"[runtime-status] [2137] Resolved module firebase-functions {\"declared\":true,\"installed\":true,\"version\":\"3.13.0\",\"resolution\":\"/Users/melbin/Documents/FullStack/amazon-clone/functions/node_modules/firebase-functions/lib/index.js\"}"}}
[debug] [2021-01-08T19:21:28.025Z] [runtime-status] [2137] Resolved module firebase-functions {"declared":true,"installed":true,"version":"3.13.0","resolution":"/Users/melbin/Documents/FullStack/amazon-clone/functions/node_modules/firebase-functions/lib/index.js"} {"metadata":{"emulator":{"name":"functions"},"function":{"name":"api"},"message":"[runtime-status] [2137] Resolved module firebase-functions {\"declared\":true,\"installed\":true,\"version\":\"3.13.0\",\"resolution\":\"/Users/melbin/Documents/FullStack/amazon-clone/functions/node_modules/firebase-functions/lib/index.js\"}"}}
[debug] [2021-01-08T19:21:28.027Z] [runtime-status] [2137] Outgoing network have been stubbed. [{"name":"http","status":"mocked"},{"name":"http","status":"mocked"},{"name":"https","status":"mocked"},{"name":"https","status":"mocked"},{"name":"net","status":"mocked"}] {"metadata":{"emulator":{"name":"functions"},"function":{"name":"api"},"message":"[runtime-status] [2137] Outgoing network have been stubbed. [{\"name\":\"http\",\"status\":\"mocked\"},{\"name\":\"http\",\"status\":\"mocked\"},{\"name\":\"https\",\"status\":\"mocked\"},{\"name\":\"https\",\"status\":\"mocked\"},{\"name\":\"net\",\"status\":\"mocked\"}]"}}
[debug] [2021-01-08T19:21:28.027Z] [runtime-status] [2137] Resolved module firebase-functions {"declared":true,"installed":true,"version":"3.13.0","resolution":"/Users/melbin/Documents/FullStack/amazon-clone/functions/node_modules/firebase-functions/lib/index.js"} {"metadata":{"emulator":{"name":"functions"},"function":{"name":"api"},"message":"[runtime-status] [2137] Resolved module firebase-functions {\"declared\":true,\"installed\":true,\"version\":\"3.13.0\",\"resolution\":\"/Users/melbin/Documents/FullStack/amazon-clone/functions/node_modules/firebase-functions/lib/index.js\"}"}}
[debug] [2021-01-08T19:21:28.085Z] [runtime-status] [2137] Checked functions.config() {"config":{}} {"metadata":{"emulator":{"name":"functions"},"function":{"name":"api"},"message":"[runtime-status] [2137] Checked functions.config() {\"config\":{}}"}}
[debug] [2021-01-08T19:21:28.086Z] [runtime-status] [2137] firebase-functions has been stubbed. {"functionsResolution":{"declared":true,"installed":true,"version":"3.13.0","resolution":"/Users/melbin/Documents/FullStack/amazon-clone/functions/node_modules/firebase-functions/lib/index.js"}} {"metadata":{"emulator":{"name":"functions"},"function":{"name":"api"},"message":"[runtime-status] [2137] firebase-functions has been stubbed. {\"functionsResolution\":{\"declared\":true,\"installed\":true,\"version\":\"3.13.0\",\"resolution\":\"/Users/melbin/Documents/FullStack/amazon-clone/functions/node_modules/firebase-functions/lib/index.js\"}}"}}
[debug] [2021-01-08T19:21:28.086Z] [runtime-status] [2137] Resolved module firebase-functions {"declared":true,"installed":true,"version":"3.13.0","resolution":"/Users/melbin/Documents/FullStack/amazon-clone/functions/node_modules/firebase-functions/lib/index.js"} {"metadata":{"emulator":{"name":"functions"},"function":{"name":"api"},"message":"[runtime-status] [2137] Resolved module firebase-functions {\"declared\":true,\"installed\":true,\"version\":\"3.13.0\",\"resolution\":\"/Users/melbin/Documents/FullStack/amazon-clone/functions/node_modules/firebase-functions/lib/index.js\"}"}}
[debug] [2021-01-08T19:21:28.087Z] [runtime-status] [2137] Resolved module firebase-admin {"declared":true,"installed":true,"version":"9.4.2","resolution":"/Users/melbin/Documents/FullStack/amazon-clone/functions/node_modules/firebase-admin/lib/index.js"} {"metadata":{"emulator":{"name":"functions"},"function":{"name":"api"},"message":"[runtime-status] [2137] Resolved module firebase-admin {\"declared\":true,\"installed\":true,\"version\":\"9.4.2\",\"resolution\":\"/Users/melbin/Documents/FullStack/amazon-clone/functions/node_modules/firebase-admin/lib/index.js\"}"}}
[debug] [2021-01-08T19:21:28.087Z] [runtime-status] [2137] Resolved module firebase-functions {"declared":true,"installed":true,"version":"3.13.0","resolution":"/Users/melbin/Documents/FullStack/amazon-clone/functions/node_modules/firebase-functions/lib/index.js"} {"metadata":{"emulator":{"name":"functions"},"function":{"name":"api"},"message":"[runtime-status] [2137] Resolved module firebase-functions {\"declared\":true,\"installed\":true,\"version\":\"3.13.0\",\"resolution\":\"/Users/melbin/Documents/FullStack/amazon-clone/functions/node_modules/firebase-functions/lib/index.js\"}"}}
[debug] [2021-01-08T19:21:28.087Z] [runtime-status] [2137] firebase-admin has been stubbed. {"adminResolution":{"declared":true,"installed":true,"version":"9.4.2","resolution":"/Users/melbin/Documents/FullStack/amazon-clone/functions/node_modules/firebase-admin/lib/index.js"}} {"metadata":{"emulator":{"name":"functions"},"function":{"name":"api"},"message":"[runtime-status] [2137] firebase-admin has been stubbed. {\"adminResolution\":{\"declared\":true,\"installed\":true,\"version\":\"9.4.2\",\"resolution\":\"/Users/melbin/Documents/FullStack/amazon-clone/functions/node_modules/firebase-admin/lib/index.js\"}}"}}
[debug] [2021-01-08T19:21:28.227Z] [runtime-status] [2137] Trigger "api" has been found, beginning invocation! {"metadata":{"emulator":{"name":"functions"},"function":{"name":"api"},"message":"[runtime-status] [2137] Trigger \"api\" has been found, beginning invocation!"}}
[info] i  functions: Beginning execution of "api" {"metadata":{"emulator":{"name":"functions"},"function":{"name":"api"},"message":"Beginning execution of \"api\""}}
[debug] [2021-01-08T19:21:28.228Z] [runtime-status] [2137] triggerDefinition {"httpsTrigger":{},"name":"api","entryPoint":"api"} {"metadata":{"emulator":{"name":"functions"},"function":{"name":"api"},"message":"[runtime-status] [2137] triggerDefinition {\"httpsTrigger\":{},\"name\":\"api\",\"entryPoint\":\"api\"}"}}
[debug] [2021-01-08T19:21:28.228Z] [runtime-status] [2137] Running api in mode HTTPS {"metadata":{"emulator":{"name":"functions"},"function":{"name":"api"},"message":"[runtime-status] [2137] Running api in mode HTTPS"}}
[debug] [2021-01-08T19:21:28.230Z] [runtime-status] [2137] Attempting to listen to socketPath: /var/folders/d7/_73dy1sx3x3529m3y8zkr2sw0000gn/T/fire_emu_2137.sock {"metadata":{"emulator":{"name":"functions"},"function":{"name":"api"},"message":"[runtime-status] [2137] Attempting to listen to socketPath: /var/folders/d7/_73dy1sx3x3529m3y8zkr2sw0000gn/T/fire_emu_2137.sock"}}
[debug] [2021-01-08T19:21:28.233Z] [functions] Runtime ready! Sending request! {"metadata":{"emulator":{"name":"functions"},"message":"[functions] Runtime ready! Sending request!"}}
[debug] [2021-01-08T19:21:28.240Z] [runtime-status] [2137] Ephemeral server handling POST request {"metadata":{"emulator":{"name":"functions"},"function":{"name":"api"},"message":"[runtime-status] [2137] Ephemeral server handling POST request"}}
[info] >  Payment Request Recieved BOOM!!! for this amount >>>  25096 {"user":"Payment Request Recieved BOOM!!! for this amount >>>  25096","metadata":{"emulator":{"name":"functions"},"function":{"name":"api"},"message":"\u001b[90m> \u001b[39m Payment Request Recieved BOOM!!! for this amount >>>  25096"}}
[debug] [2021-01-08T19:21:28.249Z] [runtime-status] [2137] Ephemeral server survived. {"metadata":{"emulator":{"name":"functions"},"function":{"name":"api"},"message":"[runtime-status] [2137] Ephemeral server survived."}}
[debug] [2021-01-08T19:21:35.400Z] [work-queue] {"queueLength":1,"workRunningCount":1}
[debug] [2021-01-08T19:21:35.401Z] [work-queue] {"queueLength":0,"workRunningCount":2}
[debug] [2021-01-08T19:21:35.401Z] Accepted request POST /clone-bb373/us-central1/api/payments/create?total=0 --> api
[debug] [2021-01-08T19:21:35.404Z] [worker-pool] addWorker(api) {"metadata":{"emulator":{"name":"functions"},"message":"[worker-pool] addWorker(api)"}}
[debug] [2021-01-08T19:21:35.405Z] [worker-pool] Adding worker with key api, total=2 {"metadata":{"emulator":{"name":"functions"},"message":"[worker-pool] Adding worker with key api, total=2"}}
[debug] [2021-01-08T19:21:35.405Z] [worker-pool] submitWork(triggerId=api) {"metadata":{"emulator":{"name":"functions"},"message":"[worker-pool] submitWork(triggerId=api)"}}
[debug] [2021-01-08T19:21:35.405Z] [worker-api-e3cc37af-a0e8-42ba-80f5-0117ea02aab6]: Assigning socketPath: /var/folders/d7/_73dy1sx3x3529m3y8zkr2sw0000gn/T/fire_emu_2139.sock {"metadata":{"emulator":{"name":"functions"},"message":"[worker-api-e3cc37af-a0e8-42ba-80f5-0117ea02aab6]: Assigning socketPath: /var/folders/d7/_73dy1sx3x3529m3y8zkr2sw0000gn/T/fire_emu_2139.sock"}}
[debug] [2021-01-08T19:21:35.405Z] [worker-api-e3cc37af-a0e8-42ba-80f5-0117ea02aab6]: BUSY {"metadata":{"emulator":{"name":"functions"},"message":"[worker-api-e3cc37af-a0e8-42ba-80f5-0117ea02aab6]: BUSY"}}
[debug] [2021-01-08T19:21:35.575Z] [runtime-status] [2139] Functions runtime initialized. {"cwd":"/Users/melbin/Documents/FullStack/amazon-clone/functions","node_version":"12.19.0"} {"metadata":{"emulator":{"name":"functions"},"function":{"name":"api"},"message":"[runtime-status] [2139] Functions runtime initialized. {\"cwd\":\"/Users/melbin/Documents/FullStack/amazon-clone/functions\",\"node_version\":\"12.19.0\"}"}}
[debug] [2021-01-08T19:21:35.576Z] [runtime-status] [2139] Disabled runtime features: undefined {"metadata":{"emulator":{"name":"functions"},"function":{"name":"api"},"message":"[runtime-status] [2139] Disabled runtime features: undefined"}}
[debug] [2021-01-08T19:21:35.577Z] [runtime-status] [2139] Resolved module firebase-admin {"declared":true,"installed":true,"version":"9.4.2","resolution":"/Users/melbin/Documents/FullStack/amazon-clone/functions/node_modules/firebase-admin/lib/index.js"} {"metadata":{"emulator":{"name":"functions"},"function":{"name":"api"},"message":"[runtime-status] [2139] Resolved module firebase-admin {\"declared\":true,\"installed\":true,\"version\":\"9.4.2\",\"resolution\":\"/Users/melbin/Documents/FullStack/amazon-clone/functions/node_modules/firebase-admin/lib/index.js\"}"}}
[debug] [2021-01-08T19:21:35.579Z] [runtime-status] [2139] Resolved module firebase-functions {"declared":true,"installed":true,"version":"3.13.0","resolution":"/Users/melbin/Documents/FullStack/amazon-clone/functions/node_modules/firebase-functions/lib/index.js"} {"metadata":{"emulator":{"name":"functions"},"function":{"name":"api"},"message":"[runtime-status] [2139] Resolved module firebase-functions {\"declared\":true,\"installed\":true,\"version\":\"3.13.0\",\"resolution\":\"/Users/melbin/Documents/FullStack/amazon-clone/functions/node_modules/firebase-functions/lib/index.js\"}"}}
[debug] [2021-01-08T19:21:35.580Z] [runtime-status] [2139] Resolved module firebase-functions {"declared":true,"installed":true,"version":"3.13.0","resolution":"/Users/melbin/Documents/FullStack/amazon-clone/functions/node_modules/firebase-functions/lib/index.js"} {"metadata":{"emulator":{"name":"functions"},"function":{"name":"api"},"message":"[runtime-status] [2139] Resolved module firebase-functions {\"declared\":true,\"installed\":true,\"version\":\"3.13.0\",\"resolution\":\"/Users/melbin/Documents/FullStack/amazon-clone/functions/node_modules/firebase-functions/lib/index.js\"}"}}
[debug] [2021-01-08T19:21:35.581Z] [runtime-status] [2139] Outgoing network have been stubbed. [{"name":"http","status":"mocked"},{"name":"http","status":"mocked"},{"name":"https","status":"mocked"},{"name":"https","status":"mocked"},{"name":"net","status":"mocked"}] {"metadata":{"emulator":{"name":"functions"},"function":{"name":"api"},"message":"[runtime-status] [2139] Outgoing network have been stubbed. [{\"name\":\"http\",\"status\":\"mocked\"},{\"name\":\"http\",\"status\":\"mocked\"},{\"name\":\"https\",\"status\":\"mocked\"},{\"name\":\"https\",\"status\":\"mocked\"},{\"name\":\"net\",\"status\":\"mocked\"}]"}}
[debug] [2021-01-08T19:21:35.582Z] [runtime-status] [2139] Resolved module firebase-functions {"declared":true,"installed":true,"version":"3.13.0","resolution":"/Users/melbin/Documents/FullStack/amazon-clone/functions/node_modules/firebase-functions/lib/index.js"} {"metadata":{"emulator":{"name":"functions"},"function":{"name":"api"},"message":"[runtime-status] [2139] Resolved module firebase-functions {\"declared\":true,\"installed\":true,\"version\":\"3.13.0\",\"resolution\":\"/Users/melbin/Documents/FullStack/amazon-clone/functions/node_modules/firebase-functions/lib/index.js\"}"}}
[debug] [2021-01-08T19:21:35.626Z] [runtime-status] [2139] Checked functions.config() {"config":{}} {"metadata":{"emulator":{"name":"functions"},"function":{"name":"api"},"message":"[runtime-status] [2139] Checked functions.config() {\"config\":{}}"}}
[debug] [2021-01-08T19:21:35.626Z] [runtime-status] [2139] firebase-functions has been stubbed. {"functionsResolution":{"declared":true,"installed":true,"version":"3.13.0","resolution":"/Users/melbin/Documents/FullStack/amazon-clone/functions/node_modules/firebase-functions/lib/index.js"}} {"metadata":{"emulator":{"name":"functions"},"function":{"name":"api"},"message":"[runtime-status] [2139] firebase-functions has been stubbed. {\"functionsResolution\":{\"declared\":true,\"installed\":true,\"version\":\"3.13.0\",\"resolution\":\"/Users/melbin/Documents/FullStack/amazon-clone/functions/node_modules/firebase-functions/lib/index.js\"}}"}}
[debug] [2021-01-08T19:21:35.626Z] [runtime-status] [2139] Resolved module firebase-functions {"declared":true,"installed":true,"version":"3.13.0","resolution":"/Users/melbin/Documents/FullStack/amazon-clone/functions/node_modules/firebase-functions/lib/index.js"} {"metadata":{"emulator":{"name":"functions"},"function":{"name":"api"},"message":"[runtime-status] [2139] Resolved module firebase-functions {\"declared\":true,\"installed\":true,\"version\":\"3.13.0\",\"resolution\":\"/Users/melbin/Documents/FullStack/amazon-clone/functions/node_modules/firebase-functions/lib/index.js\"}"}}
[debug] [2021-01-08T19:21:35.627Z] [runtime-status] [2139] Resolved module firebase-admin {"declared":true,"installed":true,"version":"9.4.2","resolution":"/Users/melbin/Documents/FullStack/amazon-clone/functions/node_modules/firebase-admin/lib/index.js"} {"metadata":{"emulator":{"name":"functions"},"function":{"name":"api"},"message":"[runtime-status] [2139] Resolved module firebase-admin {\"declared\":true,\"installed\":true,\"version\":\"9.4.2\",\"resolution\":\"/Users/melbin/Documents/FullStack/amazon-clone/functions/node_modules/firebase-admin/lib/index.js\"}"}}
[debug] [2021-01-08T19:21:35.627Z] [runtime-status] [2139] Resolved module firebase-functions {"declared":true,"installed":true,"version":"3.13.0","resolution":"/Users/melbin/Documents/FullStack/amazon-clone/functions/node_modules/firebase-functions/lib/index.js"} {"metadata":{"emulator":{"name":"functions"},"function":{"name":"api"},"message":"[runtime-status] [2139] Resolved module firebase-functions {\"declared\":true,\"installed\":true,\"version\":\"3.13.0\",\"resolution\":\"/Users/melbin/Documents/FullStack/amazon-clone/functions/node_modules/firebase-functions/lib/index.js\"}"}}
[debug] [2021-01-08T19:21:35.627Z] [runtime-status] [2139] firebase-admin has been stubbed. {"adminResolution":{"declared":true,"installed":true,"version":"9.4.2","resolution":"/Users/melbin/Documents/FullStack/amazon-clone/functions/node_modules/firebase-admin/lib/index.js"}} {"metadata":{"emulator":{"name":"functions"},"function":{"name":"api"},"message":"[runtime-status] [2139] firebase-admin has been stubbed. {\"adminResolution\":{\"declared\":true,\"installed\":true,\"version\":\"9.4.2\",\"resolution\":\"/Users/melbin/Documents/FullStack/amazon-clone/functions/node_modules/firebase-admin/lib/index.js\"}}"}}
[debug] [2021-01-08T19:21:35.755Z] [runtime-status] [2139] Trigger "api" has been found, beginning invocation! {"metadata":{"emulator":{"name":"functions"},"function":{"name":"api"},"message":"[runtime-status] [2139] Trigger \"api\" has been found, beginning invocation!"}}
[info] i  functions: Beginning execution of "api" {"metadata":{"emulator":{"name":"functions"},"function":{"name":"api"},"message":"Beginning execution of \"api\""}}
[debug] [2021-01-08T19:21:35.756Z] [runtime-status] [2139] triggerDefinition {"httpsTrigger":{},"name":"api","entryPoint":"api"} {"metadata":{"emulator":{"name":"functions"},"function":{"name":"api"},"message":"[runtime-status] [2139] triggerDefinition {\"httpsTrigger\":{},\"name\":\"api\",\"entryPoint\":\"api\"}"}}
[debug] [2021-01-08T19:21:35.756Z] [runtime-status] [2139] Running api in mode HTTPS {"metadata":{"emulator":{"name":"functions"},"function":{"name":"api"},"message":"[runtime-status] [2139] Running api in mode HTTPS"}}
[debug] [2021-01-08T19:21:35.758Z] [runtime-status] [2139] Attempting to listen to socketPath: /var/folders/d7/_73dy1sx3x3529m3y8zkr2sw0000gn/T/fire_emu_2139.sock {"metadata":{"emulator":{"name":"functions"},"function":{"name":"api"},"message":"[runtime-status] [2139] Attempting to listen to socketPath: /var/folders/d7/_73dy1sx3x3529m3y8zkr2sw0000gn/T/fire_emu_2139.sock"}}
[debug] [2021-01-08T19:21:35.763Z] [functions] Runtime ready! Sending request! {"metadata":{"emulator":{"name":"functions"},"message":"[functions] Runtime ready! Sending request!"}}
[debug] [2021-01-08T19:21:35.769Z] [runtime-status] [2139] Ephemeral server handling POST request {"metadata":{"emulator":{"name":"functions"},"function":{"name":"api"},"message":"[runtime-status] [2139] Ephemeral server handling POST request"}}
[info] >  Payment Request Recieved BOOM!!! for this amount >>>  0 {"user":"Payment Request Recieved BOOM!!! for this amount >>>  0","metadata":{"emulator":{"name":"functions"},"function":{"name":"api"},"message":"\u001b[90m> \u001b[39m Payment Request Recieved BOOM!!! for this amount >>>  0"}}
[debug] [2021-01-08T19:21:35.778Z] [runtime-status] [2139] Ephemeral server survived. {"metadata":{"emulator":{"name":"functions"},"function":{"name":"api"},"message":"[runtime-status] [2139] Ephemeral server survived."}}
[info] >  (node:2139) UnhandledPromiseRejectionWarning: Error: This value must be greater than or equal to 1. {"user":"(node:2139) UnhandledPromiseRejectionWarning: Error: This value must be greater than or equal to 1.","metadata":{"emulator":{"name":"functions"},"function":{"name":"api"},"message":"\u001b[90m> \u001b[39m (node:2139) UnhandledPromiseRejectionWarning: Error: This value must be greater than or equal to 1."}}
[info] >      at Function.generate (/Users/melbin/Documents/FullStack/amazon-clone/functions/node_modules/stripe/lib/Error.js:40:16) {"user":"    at Function.generate (/Users/melbin/Documents/FullStack/amazon-clone/functions/node_modules/stripe/lib/Error.js:40:16)","metadata":{"emulator":{"name":"functions"},"function":{"name":"api"},"message":"\u001b[90m> \u001b[39m     at Function.generate (/Users/melbin/Documents/FullStack/amazon-clone/functions/node_modules/stripe/lib/Error.js:40:16)"}}
[info] >      at IncomingMessage.<anonymous> (/Users/melbin/Documents/FullStack/amazon-clone/functions/node_modules/stripe/lib/StripeResource.js:190:33) {"user":"    at IncomingMessage.<anonymous> (/Users/melbin/Documents/FullStack/amazon-clone/functions/node_modules/stripe/lib/StripeResource.js:190:33)","metadata":{"emulator":{"name":"functions"},"function":{"name":"api"},"message":"\u001b[90m> \u001b[39m     at IncomingMessage.<anonymous> (/Users/melbin/Documents/FullStack/amazon-clone/functions/node_modules/stripe/lib/StripeResource.js:190:33)"}}
[info] >      at Object.onceWrapper (events.js:420:28) {"user":"    at Object.onceWrapper (events.js:420:28)","metadata":{"emulator":{"name":"functions"},"function":{"name":"api"},"message":"\u001b[90m> \u001b[39m     at Object.onceWrapper (events.js:420:28)"}}
[info] >      at IncomingMessage.emit (events.js:326:22) {"user":"    at IncomingMessage.emit (events.js:326:22)","metadata":{"emulator":{"name":"functions"},"function":{"name":"api"},"message":"\u001b[90m> \u001b[39m     at IncomingMessage.emit (events.js:326:22)"}}
[info] >      at endReadableNT (_stream_readable.js:1223:12) {"user":"    at endReadableNT (_stream_readable.js:1223:12)","metadata":{"emulator":{"name":"functions"},"function":{"name":"api"},"message":"\u001b[90m> \u001b[39m     at endReadableNT (_stream_readable.js:1223:12)"}}
[info] >      at processTicksAndRejections (internal/process/task_queues.js:84:21) {"user":"    at processTicksAndRejections (internal/process/task_queues.js:84:21)","metadata":{"emulator":{"name":"functions"},"function":{"name":"api"},"message":"\u001b[90m> \u001b[39m     at processTicksAndRejections (internal/process/task_queues.js:84:21)"}}
[info] >  (node:2139) UnhandledPromiseRejectionWarning: Unhandled promise rejection. This error originated either by throwing inside of an async function without a catch block, or by rejecting a promise which was not handled with .catch(). To terminate the node process on unhandled promise rejection, use the CLI flag `--unhandled-rejections=strict` (see https://nodejs.org/api/cli.html#cli_unhandled_rejections_mode). (rejection id: 1) {"user":"(node:2139) UnhandledPromiseRejectionWarning: Unhandled promise rejection. This error originated either by throwing inside of an async function without a catch block, or by rejecting a promise which was not handled with .catch(). To terminate the node process on unhandled promise rejection, use the CLI flag `--unhandled-rejections=strict` (see https://nodejs.org/api/cli.html#cli_unhandled_rejections_mode). (rejection id: 1)","metadata":{"emulator":{"name":"functions"},"function":{"name":"api"},"message":"\u001b[90m> \u001b[39m (node:2139) UnhandledPromiseRejectionWarning: Unhandled promise rejection. This error originated either by throwing inside of an async function without a catch block, or by rejecting a promise which was not handled with .catch(). To terminate the node process on unhandled promise rejection, use the CLI flag `--unhandled-rejections=strict` (see https://nodejs.org/api/cli.html#cli_unhandled_rejections_mode). (rejection id: 1)"}}
[info] >  (node:2139) [DEP0018] DeprecationWarning: Unhandled promise rejections are deprecated. In the future, promise rejections that are not handled will terminate the Node.js process with a non-zero exit code. {"user":"(node:2139) [DEP0018] DeprecationWarning: Unhandled promise rejections are deprecated. In the future, promise rejections that are not handled will terminate the Node.js process with a non-zero exit code.","metadata":{"emulator":{"name":"functions"},"function":{"name":"api"},"message":"\u001b[90m> \u001b[39m (node:2139) [DEP0018] DeprecationWarning: Unhandled promise rejections are deprecated. In the future, promise rejections that are not handled will terminate the Node.js process with a non-zero exit code."}}
[debug] [2021-01-08T19:21:49.219Z] [work-queue] {"queueLength":1,"workRunningCount":2}
[debug] [2021-01-08T19:21:49.220Z] [work-queue] {"queueLength":0,"workRunningCount":3}
[debug] [2021-01-08T19:21:49.220Z] Accepted request POST /clone-bb373/us-central1/api/payments/create?total=25096 --> api
[debug] [2021-01-08T19:21:49.227Z] [worker-pool] addWorker(api) {"metadata":{"emulator":{"name":"functions"},"message":"[worker-pool] addWorker(api)"}}
[debug] [2021-01-08T19:21:49.228Z] [worker-pool] Adding worker with key api, total=3 {"metadata":{"emulator":{"name":"functions"},"message":"[worker-pool] Adding worker with key api, total=3"}}
[debug] [2021-01-08T19:21:49.228Z] [worker-pool] submitWork(triggerId=api) {"metadata":{"emulator":{"name":"functions"},"message":"[worker-pool] submitWork(triggerId=api)"}}
[debug] [2021-01-08T19:21:49.229Z] [worker-api-0798aaf0-57e7-4d13-a4bc-ee1ffee676e7]: Assigning socketPath: /var/folders/d7/_73dy1sx3x3529m3y8zkr2sw0000gn/T/fire_emu_2149.sock {"metadata":{"emulator":{"name":"functions"},"message":"[worker-api-0798aaf0-57e7-4d13-a4bc-ee1ffee676e7]: Assigning socketPath: /var/folders/d7/_73dy1sx3x3529m3y8zkr2sw0000gn/T/fire_emu_2149.sock"}}
[debug] [2021-01-08T19:21:49.229Z] [worker-api-0798aaf0-57e7-4d13-a4bc-ee1ffee676e7]: BUSY {"metadata":{"emulator":{"name":"functions"},"message":"[worker-api-0798aaf0-57e7-4d13-a4bc-ee1ffee676e7]: BUSY"}}
[debug] [2021-01-08T19:21:49.366Z] [runtime-status] [2149] Functions runtime initialized. {"cwd":"/Users/melbin/Documents/FullStack/amazon-clone/functions","node_version":"12.19.0"} {"metadata":{"emulator":{"name":"functions"},"function":{"name":"api"},"message":"[runtime-status] [2149] Functions runtime initialized. {\"cwd\":\"/Users/melbin/Documents/FullStack/amazon-clone/functions\",\"node_version\":\"12.19.0\"}"}}
[debug] [2021-01-08T19:21:49.367Z] [runtime-status] [2149] Disabled runtime features: undefined {"metadata":{"emulator":{"name":"functions"},"function":{"name":"api"},"message":"[runtime-status] [2149] Disabled runtime features: undefined"}}
[debug] [2021-01-08T19:21:49.369Z] [runtime-status] [2149] Resolved module firebase-admin {"declared":true,"installed":true,"version":"9.4.2","resolution":"/Users/melbin/Documents/FullStack/amazon-clone/functions/node_modules/firebase-admin/lib/index.js"} {"metadata":{"emulator":{"name":"functions"},"function":{"name":"api"},"message":"[runtime-status] [2149] Resolved module firebase-admin {\"declared\":true,\"installed\":true,\"version\":\"9.4.2\",\"resolution\":\"/Users/melbin/Documents/FullStack/amazon-clone/functions/node_modules/firebase-admin/lib/index.js\"}"}}
[debug] [2021-01-08T19:21:49.371Z] [runtime-status] [2149] Resolved module firebase-functions {"declared":true,"installed":true,"version":"3.13.0","resolution":"/Users/melbin/Documents/FullStack/amazon-clone/functions/node_modules/firebase-functions/lib/index.js"} {"metadata":{"emulator":{"name":"functions"},"function":{"name":"api"},"message":"[runtime-status] [2149] Resolved module firebase-functions {\"declared\":true,\"installed\":true,\"version\":\"3.13.0\",\"resolution\":\"/Users/melbin/Documents/FullStack/amazon-clone/functions/node_modules/firebase-functions/lib/index.js\"}"}}
[debug] [2021-01-08T19:21:49.372Z] [runtime-status] [2149] Resolved module firebase-functions {"declared":true,"installed":true,"version":"3.13.0","resolution":"/Users/melbin/Documents/FullStack/amazon-clone/functions/node_modules/firebase-functions/lib/index.js"} {"metadata":{"emulator":{"name":"functions"},"function":{"name":"api"},"message":"[runtime-status] [2149] Resolved module firebase-functions {\"declared\":true,\"installed\":true,\"version\":\"3.13.0\",\"resolution\":\"/Users/melbin/Documents/FullStack/amazon-clone/functions/node_modules/firebase-functions/lib/index.js\"}"}}
[debug] [2021-01-08T19:21:49.373Z] [runtime-status] [2149] Outgoing network have been stubbed. [{"name":"http","status":"mocked"},{"name":"http","status":"mocked"},{"name":"https","status":"mocked"},{"name":"https","status":"mocked"},{"name":"net","status":"mocked"}] {"metadata":{"emulator":{"name":"functions"},"function":{"name":"api"},"message":"[runtime-status] [2149] Outgoing network have been stubbed. [{\"name\":\"http\",\"status\":\"mocked\"},{\"name\":\"http\",\"status\":\"mocked\"},{\"name\":\"https\",\"status\":\"mocked\"},{\"name\":\"https\",\"status\":\"mocked\"},{\"name\":\"net\",\"status\":\"mocked\"}]"}}
[debug] [2021-01-08T19:21:49.374Z] [runtime-status] [2149] Resolved module firebase-functions {"declared":true,"installed":true,"version":"3.13.0","resolution":"/Users/melbin/Documents/FullStack/amazon-clone/functions/node_modules/firebase-functions/lib/index.js"} {"metadata":{"emulator":{"name":"functions"},"function":{"name":"api"},"message":"[runtime-status] [2149] Resolved module firebase-functions {\"declared\":true,\"installed\":true,\"version\":\"3.13.0\",\"resolution\":\"/Users/melbin/Documents/FullStack/amazon-clone/functions/node_modules/firebase-functions/lib/index.js\"}"}}
[debug] [2021-01-08T19:21:49.402Z] [runtime-status] [2149] Checked functions.config() {"config":{}} {"metadata":{"emulator":{"name":"functions"},"function":{"name":"api"},"message":"[runtime-status] [2149] Checked functions.config() {\"config\":{}}"}}
[debug] [2021-01-08T19:21:49.403Z] [runtime-status] [2149] firebase-functions has been stubbed. {"functionsResolution":{"declared":true,"installed":true,"version":"3.13.0","resolution":"/Users/melbin/Documents/FullStack/amazon-clone/functions/node_modules/firebase-functions/lib/index.js"}} {"metadata":{"emulator":{"name":"functions"},"function":{"name":"api"},"message":"[runtime-status] [2149] firebase-functions has been stubbed. {\"functionsResolution\":{\"declared\":true,\"installed\":true,\"version\":\"3.13.0\",\"resolution\":\"/Users/melbin/Documents/FullStack/amazon-clone/functions/node_modules/firebase-functions/lib/index.js\"}}"}}
[debug] [2021-01-08T19:21:49.403Z] [runtime-status] [2149] Resolved module firebase-functions {"declared":true,"installed":true,"version":"3.13.0","resolution":"/Users/melbin/Documents/FullStack/amazon-clone/functions/node_modules/firebase-functions/lib/index.js"} {"metadata":{"emulator":{"name":"functions"},"function":{"name":"api"},"message":"[runtime-status] [2149] Resolved module firebase-functions {\"declared\":true,\"installed\":true,\"version\":\"3.13.0\",\"resolution\":\"/Users/melbin/Documents/FullStack/amazon-clone/functions/node_modules/firebase-functions/lib/index.js\"}"}}
[debug] [2021-01-08T19:21:49.403Z] [runtime-status] [2149] Resolved module firebase-admin {"declared":true,"installed":true,"version":"9.4.2","resolution":"/Users/melbin/Documents/FullStack/amazon-clone/functions/node_modules/firebase-admin/lib/index.js"} {"metadata":{"emulator":{"name":"functions"},"function":{"name":"api"},"message":"[runtime-status] [2149] Resolved module firebase-admin {\"declared\":true,\"installed\":true,\"version\":\"9.4.2\",\"resolution\":\"/Users/melbin/Documents/FullStack/amazon-clone/functions/node_modules/firebase-admin/lib/index.js\"}"}}
[debug] [2021-01-08T19:21:49.404Z] [runtime-status] [2149] Resolved module firebase-functions {"declared":true,"installed":true,"version":"3.13.0","resolution":"/Users/melbin/Documents/FullStack/amazon-clone/functions/node_modules/firebase-functions/lib/index.js"} {"metadata":{"emulator":{"name":"functions"},"function":{"name":"api"},"message":"[runtime-status] [2149] Resolved module firebase-functions {\"declared\":true,\"installed\":true,\"version\":\"3.13.0\",\"resolution\":\"/Users/melbin/Documents/FullStack/amazon-clone/functions/node_modules/firebase-functions/lib/index.js\"}"}}
[debug] [2021-01-08T19:21:49.404Z] [runtime-status] [2149] firebase-admin has been stubbed. {"adminResolution":{"declared":true,"installed":true,"version":"9.4.2","resolution":"/Users/melbin/Documents/FullStack/amazon-clone/functions/node_modules/firebase-admin/lib/index.js"}} {"metadata":{"emulator":{"name":"functions"},"function":{"name":"api"},"message":"[runtime-status] [2149] firebase-admin has been stubbed. {\"adminResolution\":{\"declared\":true,\"installed\":true,\"version\":\"9.4.2\",\"resolution\":\"/Users/melbin/Documents/FullStack/amazon-clone/functions/node_modules/firebase-admin/lib/index.js\"}}"}}
[debug] [2021-01-08T19:21:49.508Z] [runtime-status] [2149] Trigger "api" has been found, beginning invocation! {"metadata":{"emulator":{"name":"functions"},"function":{"name":"api"},"message":"[runtime-status] [2149] Trigger \"api\" has been found, beginning invocation!"}}
[info] i  functions: Beginning execution of "api" {"metadata":{"emulator":{"name":"functions"},"function":{"name":"api"},"message":"Beginning execution of \"api\""}}
[debug] [2021-01-08T19:21:49.509Z] [runtime-status] [2149] triggerDefinition {"httpsTrigger":{},"name":"api","entryPoint":"api"} {"metadata":{"emulator":{"name":"functions"},"function":{"name":"api"},"message":"[runtime-status] [2149] triggerDefinition {\"httpsTrigger\":{},\"name\":\"api\",\"entryPoint\":\"api\"}"}}
[debug] [2021-01-08T19:21:49.510Z] [runtime-status] [2149] Running api in mode HTTPS {"metadata":{"emulator":{"name":"functions"},"function":{"name":"api"},"message":"[runtime-status] [2149] Running api in mode HTTPS"}}
[debug] [2021-01-08T19:21:49.515Z] [runtime-status] [2149] Attempting to listen to socketPath: /var/folders/d7/_73dy1sx3x3529m3y8zkr2sw0000gn/T/fire_emu_2149.sock {"metadata":{"emulator":{"name":"functions"},"function":{"name":"api"},"message":"[runtime-status] [2149] Attempting to listen to socketPath: /var/folders/d7/_73dy1sx3x3529m3y8zkr2sw0000gn/T/fire_emu_2149.sock"}}
[debug] [2021-01-08T19:21:49.518Z] [functions] Runtime ready! Sending request! {"metadata":{"emulator":{"name":"functions"},"message":"[functions] Runtime ready! Sending request!"}}
[debug] [2021-01-08T19:21:49.530Z] [runtime-status] [2149] Ephemeral server handling POST request {"metadata":{"emulator":{"name":"functions"},"function":{"name":"api"},"message":"[runtime-status] [2149] Ephemeral server handling POST request"}}
[info] >  Payment Request Recieved BOOM!!! for this amount >>>  25096 {"user":"Payment Request Recieved BOOM!!! for this amount >>>  25096","metadata":{"emulator":{"name":"functions"},"function":{"name":"api"},"message":"\u001b[90m> \u001b[39m Payment Request Recieved BOOM!!! for this amount >>>  25096"}}
[debug] [2021-01-08T19:21:49.541Z] [runtime-status] [2149] Ephemeral server survived. {"metadata":{"emulator":{"name":"functions"},"function":{"name":"api"},"message":"[runtime-status] [2149] Ephemeral server survived."}}
[info] i  functions: Finished "api" in ~1s {"metadata":{"emulator":{"name":"functions"},"function":{"name":"api"},"message":"Finished \"api\" in ~1s"}}
[debug] [2021-01-08T19:21:50.490Z] [worker-api-0798aaf0-57e7-4d13-a4bc-ee1ffee676e7]: IDLE {"metadata":{"emulator":{"name":"functions"},"message":"[worker-api-0798aaf0-57e7-4d13-a4bc-ee1ffee676e7]: IDLE"}}
[debug] [2021-01-08T19:21:50.490Z] [work-queue] {"queueLength":0,"workRunningCount":2}
[debug] [2021-01-08T19:22:04.354Z] [work-queue] {"queueLength":1,"workRunningCount":2}
[debug] [2021-01-08T19:22:04.355Z] [work-queue] {"queueLength":0,"workRunningCount":3}
[debug] [2021-01-08T19:22:04.355Z] Accepted request POST /clone-bb373/us-central1/api/payments/create?total=0 --> api
[debug] [2021-01-08T19:22:04.355Z] [worker-pool] submitWork(triggerId=api) {"metadata":{"emulator":{"name":"functions"},"message":"[worker-pool] submitWork(triggerId=api)"}}
[debug] [2021-01-08T19:22:04.355Z] [worker-api-0798aaf0-57e7-4d13-a4bc-ee1ffee676e7]: Assigning socketPath: /var/folders/d7/_73dy1sx3x3529m3y8zkr2sw0000gn/T/fire_emu_2149.sock {"metadata":{"emulator":{"name":"functions"},"message":"[worker-api-0798aaf0-57e7-4d13-a4bc-ee1ffee676e7]: Assigning socketPath: /var/folders/d7/_73dy1sx3x3529m3y8zkr2sw0000gn/T/fire_emu_2149.sock"}}
[debug] [2021-01-08T19:22:04.355Z] [worker-api-0798aaf0-57e7-4d13-a4bc-ee1ffee676e7]: BUSY {"metadata":{"emulator":{"name":"functions"},"message":"[worker-api-0798aaf0-57e7-4d13-a4bc-ee1ffee676e7]: BUSY"}}
[debug] [2021-01-08T19:22:04.356Z] [runtime-status] [2149] Trigger "api" has been found, beginning invocation! {"metadata":{"emulator":{"name":"functions"},"function":{"name":"api"},"message":"[runtime-status] [2149] Trigger \"api\" has been found, beginning invocation!"}}
[info] i  functions: Beginning execution of "api" {"metadata":{"emulator":{"name":"functions"},"function":{"name":"api"},"message":"Beginning execution of \"api\""}}
[debug] [2021-01-08T19:22:04.356Z] [runtime-status] [2149] triggerDefinition {"httpsTrigger":{},"name":"api","entryPoint":"api"} {"metadata":{"emulator":{"name":"functions"},"function":{"name":"api"},"message":"[runtime-status] [2149] triggerDefinition {\"httpsTrigger\":{},\"name\":\"api\",\"entryPoint\":\"api\"}"}}
[debug] [2021-01-08T19:22:04.356Z] [runtime-status] [2149] Running api in mode HTTPS {"metadata":{"emulator":{"name":"functions"},"function":{"name":"api"},"message":"[runtime-status] [2149] Running api in mode HTTPS"}}
[debug] [2021-01-08T19:22:04.356Z] [runtime-status] [2149] Attempting to listen to socketPath: /var/folders/d7/_73dy1sx3x3529m3y8zkr2sw0000gn/T/fire_emu_2149.sock {"metadata":{"emulator":{"name":"functions"},"function":{"name":"api"},"message":"[runtime-status] [2149] Attempting to listen to socketPath: /var/folders/d7/_73dy1sx3x3529m3y8zkr2sw0000gn/T/fire_emu_2149.sock"}}
[debug] [2021-01-08T19:22:04.357Z] [functions] Runtime ready! Sending request! {"metadata":{"emulator":{"name":"functions"},"message":"[functions] Runtime ready! Sending request!"}}
[debug] [2021-01-08T19:22:04.363Z] [runtime-status] [2149] Ephemeral server handling POST request {"metadata":{"emulator":{"name":"functions"},"function":{"name":"api"},"message":"[runtime-status] [2149] Ephemeral server handling POST request"}}
[info] >  Payment Request Recieved BOOM!!! for this amount >>>  0 {"user":"Payment Request Recieved BOOM!!! for this amount >>>  0","metadata":{"emulator":{"name":"functions"},"function":{"name":"api"},"message":"\u001b[90m> \u001b[39m Payment Request Recieved BOOM!!! for this amount >>>  0"}}
[debug] [2021-01-08T19:22:04.365Z] [runtime-status] [2149] Ephemeral server survived. {"metadata":{"emulator":{"name":"functions"},"function":{"name":"api"},"message":"[runtime-status] [2149] Ephemeral server survived."}}
[info] >  (node:2149) UnhandledPromiseRejectionWarning: Error: This value must be greater than or equal to 1. {"user":"(node:2149) UnhandledPromiseRejectionWarning: Error: This value must be greater than or equal to 1.","metadata":{"emulator":{"name":"functions"},"function":{"name":"api"},"message":"\u001b[90m> \u001b[39m (node:2149) UnhandledPromiseRejectionWarning: Error: This value must be greater than or equal to 1."}}
[info] >      at Function.generate (/Users/melbin/Documents/FullStack/amazon-clone/functions/node_modules/stripe/lib/Error.js:40:16) {"user":"    at Function.generate (/Users/melbin/Documents/FullStack/amazon-clone/functions/node_modules/stripe/lib/Error.js:40:16)","metadata":{"emulator":{"name":"functions"},"function":{"name":"api"},"message":"\u001b[90m> \u001b[39m     at Function.generate (/Users/melbin/Documents/FullStack/amazon-clone/functions/node_modules/stripe/lib/Error.js:40:16)"}}
[info] >      at IncomingMessage.<anonymous> (/Users/melbin/Documents/FullStack/amazon-clone/functions/node_modules/stripe/lib/StripeResource.js:190:33) {"user":"    at IncomingMessage.<anonymous> (/Users/melbin/Documents/FullStack/amazon-clone/functions/node_modules/stripe/lib/StripeResource.js:190:33)","metadata":{"emulator":{"name":"functions"},"function":{"name":"api"},"message":"\u001b[90m> \u001b[39m     at IncomingMessage.<anonymous> (/Users/melbin/Documents/FullStack/amazon-clone/functions/node_modules/stripe/lib/StripeResource.js:190:33)"}}
[info] >      at Object.onceWrapper (events.js:420:28) {"user":"    at Object.onceWrapper (events.js:420:28)","metadata":{"emulator":{"name":"functions"},"function":{"name":"api"},"message":"\u001b[90m> \u001b[39m     at Object.onceWrapper (events.js:420:28)"}}
[info] >      at IncomingMessage.emit (events.js:326:22) {"user":"    at IncomingMessage.emit (events.js:326:22)","metadata":{"emulator":{"name":"functions"},"function":{"name":"api"},"message":"\u001b[90m> \u001b[39m     at IncomingMessage.emit (events.js:326:22)"}}
[info] >      at endReadableNT (_stream_readable.js:1223:12) {"user":"    at endReadableNT (_stream_readable.js:1223:12)","metadata":{"emulator":{"name":"functions"},"function":{"name":"api"},"message":"\u001b[90m> \u001b[39m     at endReadableNT (_stream_readable.js:1223:12)"}}
[info] >      at processTicksAndRejections (internal/process/task_queues.js:84:21) {"user":"    at processTicksAndRejections (internal/process/task_queues.js:84:21)","metadata":{"emulator":{"name":"functions"},"function":{"name":"api"},"message":"\u001b[90m> \u001b[39m     at processTicksAndRejections (internal/process/task_queues.js:84:21)"}}
[info] >  (node:2149) UnhandledPromiseRejectionWarning: Unhandled promise rejection. This error originated either by throwing inside of an async function without a catch block, or by rejecting a promise which was not handled with .catch(). To terminate the node process on unhandled promise rejection, use the CLI flag `--unhandled-rejections=strict` (see https://nodejs.org/api/cli.html#cli_unhandled_rejections_mode). (rejection id: 1) {"user":"(node:2149) UnhandledPromiseRejectionWarning: Unhandled promise rejection. This error originated either by throwing inside of an async function without a catch block, or by rejecting a promise which was not handled with .catch(). To terminate the node process on unhandled promise rejection, use the CLI flag `--unhandled-rejections=strict` (see https://nodejs.org/api/cli.html#cli_unhandled_rejections_mode). (rejection id: 1)","metadata":{"emulator":{"name":"functions"},"function":{"name":"api"},"message":"\u001b[90m> \u001b[39m (node:2149) UnhandledPromiseRejectionWarning: Unhandled promise rejection. This error originated either by throwing inside of an async function without a catch block, or by rejecting a promise which was not handled with .catch(). To terminate the node process on unhandled promise rejection, use the CLI flag `--unhandled-rejections=strict` (see https://nodejs.org/api/cli.html#cli_unhandled_rejections_mode). (rejection id: 1)"}}
[info] >  (node:2149) [DEP0018] DeprecationWarning: Unhandled promise rejections are deprecated. In the future, promise rejections that are not handled will terminate the Node.js process with a non-zero exit code. {"user":"(node:2149) [DEP0018] DeprecationWarning: Unhandled promise rejections are deprecated. In the future, promise rejections that are not handled will terminate the Node.js process with a non-zero exit code.","metadata":{"emulator":{"name":"functions"},"function":{"name":"api"},"message":"\u001b[90m> \u001b[39m (node:2149) [DEP0018] DeprecationWarning: Unhandled promise rejections are deprecated. In the future, promise rejections that are not handled will terminate the Node.js process with a non-zero exit code."}}
[warn] ⚠  functions: Your function timed out after ~60s. To configure this timeout, see
      https://firebase.google.com/docs/functions/manage-functions#set_timeout_and_memory_allocation. {"metadata":{"emulator":{"name":"functions"},"function":{"name":"api"},"message":"Your function timed out after ~60s. To configure this timeout, see\n      https://firebase.google.com/docs/functions/manage-functions#set_timeout_and_memory_allocation."}}
[info] >  /usr/local/lib/node_modules/firebase-tools/lib/emulator/functionsEmulatorRuntime.js:638 {"user":"/usr/local/lib/node_modules/firebase-tools/lib/emulator/functionsEmulatorRuntime.js:638","metadata":{"emulator":{"name":"functions"},"function":{"name":"api"},"message":"\u001b[90m> \u001b[39m /usr/local/lib/node_modules/firebase-tools/lib/emulator/functionsEmulatorRuntime.js:638"}}
[info] >              throw new Error("Function timed out."); {"user":"            throw new Error(\"Function timed out.\");","metadata":{"emulator":{"name":"functions"},"function":{"name":"api"},"message":"\u001b[90m> \u001b[39m             throw new Error(\"Function timed out.\");"}}
[info] >              ^ {"user":"            ^","metadata":{"emulator":{"name":"functions"},"function":{"name":"api"},"message":"\u001b[90m> \u001b[39m             ^"}}
[info] >   {"user":"","metadata":{"emulator":{"name":"functions"},"function":{"name":"api"},"message":"\u001b[90m> \u001b[39m "}}
[info] >  Error: Function timed out. {"user":"Error: Function timed out.","metadata":{"emulator":{"name":"functions"},"function":{"name":"api"},"message":"\u001b[90m> \u001b[39m Error: Function timed out."}}
[info] >      at Timeout._onTimeout (/usr/local/lib/node_modules/firebase-tools/lib/emulator/functionsEmulatorRuntime.js:638:19) {"user":"    at Timeout._onTimeout (/usr/local/lib/node_modules/firebase-tools/lib/emulator/functionsEmulatorRuntime.js:638:19)","metadata":{"emulator":{"name":"functions"},"function":{"name":"api"},"message":"\u001b[90m> \u001b[39m     at Timeout._onTimeout (/usr/local/lib/node_modules/firebase-tools/lib/emulator/functionsEmulatorRuntime.js:638:19)"}}
[info] >      at listOnTimeout (internal/timers.js:554:17) {"user":"    at listOnTimeout (internal/timers.js:554:17)","metadata":{"emulator":{"name":"functions"},"function":{"name":"api"},"message":"\u001b[90m> \u001b[39m     at listOnTimeout (internal/timers.js:554:17)"}}
[info] >      at processTimers (internal/timers.js:497:7) {"user":"    at processTimers (internal/timers.js:497:7)","metadata":{"emulator":{"name":"functions"},"function":{"name":"api"},"message":"\u001b[90m> \u001b[39m     at processTimers (internal/timers.js:497:7)"}}
[debug] [2021-01-08T19:22:28.242Z] [worker-api-a96673fa-5ade-4489-8f8d-f63a972fac5d]: exited {"metadata":{"emulator":{"name":"functions"},"message":"[worker-api-a96673fa-5ade-4489-8f8d-f63a972fac5d]: exited"}}
[debug] [2021-01-08T19:22:28.242Z] [worker-api-a96673fa-5ade-4489-8f8d-f63a972fac5d]: FINISHED {"metadata":{"emulator":{"name":"functions"},"message":"[worker-api-a96673fa-5ade-4489-8f8d-f63a972fac5d]: FINISHED"}}
[debug] [2021-01-08T19:22:28.242Z] [work-queue] {"queueLength":0,"workRunningCount":2}
[warn] ⚠  functions: Your function timed out after ~60s. To configure this timeout, see
      https://firebase.google.com/docs/functions/manage-functions#set_timeout_and_memory_allocation. {"metadata":{"emulator":{"name":"functions"},"function":{"name":"api"},"message":"Your function timed out after ~60s. To configure this timeout, see\n      https://firebase.google.com/docs/functions/manage-functions#set_timeout_and_memory_allocation."}}
[info] >  /usr/local/lib/node_modules/firebase-tools/lib/emulator/functionsEmulatorRuntime.js:638 {"user":"/usr/local/lib/node_modules/firebase-tools/lib/emulator/functionsEmulatorRuntime.js:638","metadata":{"emulator":{"name":"functions"},"function":{"name":"api"},"message":"\u001b[90m> \u001b[39m /usr/local/lib/node_modules/firebase-tools/lib/emulator/functionsEmulatorRuntime.js:638"}}
[info] >              throw new Error("Function timed out."); {"user":"            throw new Error(\"Function timed out.\");","metadata":{"emulator":{"name":"functions"},"function":{"name":"api"},"message":"\u001b[90m> \u001b[39m             throw new Error(\"Function timed out.\");"}}
[info] >              ^ {"user":"            ^","metadata":{"emulator":{"name":"functions"},"function":{"name":"api"},"message":"\u001b[90m> \u001b[39m             ^"}}
[info] >   {"user":"","metadata":{"emulator":{"name":"functions"},"function":{"name":"api"},"message":"\u001b[90m> \u001b[39m "}}
[info] >  Error: Function timed out. {"user":"Error: Function timed out.","metadata":{"emulator":{"name":"functions"},"function":{"name":"api"},"message":"\u001b[90m> \u001b[39m Error: Function timed out."}}
[info] >      at Timeout._onTimeout (/usr/local/lib/node_modules/firebase-tools/lib/emulator/functionsEmulatorRuntime.js:638:19) {"user":"    at Timeout._onTimeout (/usr/local/lib/node_modules/firebase-tools/lib/emulator/functionsEmulatorRuntime.js:638:19)","metadata":{"emulator":{"name":"functions"},"function":{"name":"api"},"message":"\u001b[90m> \u001b[39m     at Timeout._onTimeout (/usr/local/lib/node_modules/firebase-tools/lib/emulator/functionsEmulatorRuntime.js:638:19)"}}
[info] >      at listOnTimeout (internal/timers.js:554:17) {"user":"    at listOnTimeout (internal/timers.js:554:17)","metadata":{"emulator":{"name":"functions"},"function":{"name":"api"},"message":"\u001b[90m> \u001b[39m     at listOnTimeout (internal/timers.js:554:17)"}}
[info] >      at processTimers (internal/timers.js:497:7) {"user":"    at processTimers (internal/timers.js:497:7)","metadata":{"emulator":{"name":"functions"},"function":{"name":"api"},"message":"\u001b[90m> \u001b[39m     at processTimers (internal/timers.js:497:7)"}}
[debug] [2021-01-08T19:22:35.765Z] [worker-api-e3cc37af-a0e8-42ba-80f5-0117ea02aab6]: exited {"metadata":{"emulator":{"name":"functions"},"message":"[worker-api-e3cc37af-a0e8-42ba-80f5-0117ea02aab6]: exited"}}
[debug] [2021-01-08T19:22:35.766Z] [worker-api-e3cc37af-a0e8-42ba-80f5-0117ea02aab6]: FINISHED {"metadata":{"emulator":{"name":"functions"},"message":"[worker-api-e3cc37af-a0e8-42ba-80f5-0117ea02aab6]: FINISHED"}}
[debug] [2021-01-08T19:22:35.766Z] [work-queue] {"queueLength":0,"workRunningCount":1}
[warn] ⚠  functions: Your function timed out after ~60s. To configure this timeout, see
      https://firebase.google.com/docs/functions/manage-functions#set_timeout_and_memory_allocation. {"metadata":{"emulator":{"name":"functions"},"function":{"name":"api"},"message":"Your function timed out after ~60s. To configure this timeout, see\n      https://firebase.google.com/docs/functions/manage-functions#set_timeout_and_memory_allocation."}}
[info] >  /usr/local/lib/node_modules/firebase-tools/lib/emulator/functionsEmulatorRuntime.js:638 {"user":"/usr/local/lib/node_modules/firebase-tools/lib/emulator/functionsEmulatorRuntime.js:638","metadata":{"emulator":{"name":"functions"},"function":{"name":"api"},"message":"\u001b[90m> \u001b[39m /usr/local/lib/node_modules/firebase-tools/lib/emulator/functionsEmulatorRuntime.js:638"}}
[info] >              throw new Error("Function timed out."); {"user":"            throw new Error(\"Function timed out.\");","metadata":{"emulator":{"name":"functions"},"function":{"name":"api"},"message":"\u001b[90m> \u001b[39m             throw new Error(\"Function timed out.\");"}}
[info] >              ^ {"user":"            ^","metadata":{"emulator":{"name":"functions"},"function":{"name":"api"},"message":"\u001b[90m> \u001b[39m             ^"}}
[info] >   {"user":"","metadata":{"emulator":{"name":"functions"},"function":{"name":"api"},"message":"\u001b[90m> \u001b[39m "}}
[info] >  Error: Function timed out. {"user":"Error: Function timed out.","metadata":{"emulator":{"name":"functions"},"function":{"name":"api"},"message":"\u001b[90m> \u001b[39m Error: Function timed out."}}
[info] >      at Timeout._onTimeout (/usr/local/lib/node_modules/firebase-tools/lib/emulator/functionsEmulatorRuntime.js:638:19) {"user":"    at Timeout._onTimeout (/usr/local/lib/node_modules/firebase-tools/lib/emulator/functionsEmulatorRuntime.js:638:19)","metadata":{"emulator":{"name":"functions"},"function":{"name":"api"},"message":"\u001b[90m> \u001b[39m     at Timeout._onTimeout (/usr/local/lib/node_modules/firebase-tools/lib/emulator/functionsEmulatorRuntime.js:638:19)"}}
[info] >      at listOnTimeout (internal/timers.js:554:17) {"user":"    at listOnTimeout (internal/timers.js:554:17)","metadata":{"emulator":{"name":"functions"},"function":{"name":"api"},"message":"\u001b[90m> \u001b[39m     at listOnTimeout (internal/timers.js:554:17)"}}
[info] >      at processTimers (internal/timers.js:497:7) {"user":"    at processTimers (internal/timers.js:497:7)","metadata":{"emulator":{"name":"functions"},"function":{"name":"api"},"message":"\u001b[90m> \u001b[39m     at processTimers (internal/timers.js:497:7)"}}
[debug] [2021-01-08T19:23:04.373Z] [worker-api-0798aaf0-57e7-4d13-a4bc-ee1ffee676e7]: exited {"metadata":{"emulator":{"name":"functions"},"message":"[worker-api-0798aaf0-57e7-4d13-a4bc-ee1ffee676e7]: exited"}}
[debug] [2021-01-08T19:23:04.373Z] [worker-api-0798aaf0-57e7-4d13-a4bc-ee1ffee676e7]: FINISHED {"metadata":{"emulator":{"name":"functions"},"message":"[worker-api-0798aaf0-57e7-4d13-a4bc-ee1ffee676e7]: FINISHED"}}
[debug] [2021-01-08T19:23:04.373Z] [work-queue] {"queueLength":0,"workRunningCount":0}
